[2021-06-26 13:09:46.960] [exthost] [info] extension host started
[2021-06-26 13:09:47.017] [exthost] [info] ExtensionService#_doActivateExtension vscode.microsoft-authentication {"startup":false,"extensionId":{"value":"vscode.microsoft-authentication","_lower":"vscode.microsoft-authentication"},"activationEvent":"onAuthenticationRequest:microsoft"}
[2021-06-26 13:09:47.017] [exthost] [info] ExtensionService#loadCommonJSModule file:///snap/code/65/usr/share/code/resources/app/extensions/microsoft-authentication/dist/extension.js
[2021-06-26 13:09:47.025] [exthost] [info] ExtensionService#_doActivateExtension vscode.debug-auto-launch {"startup":true,"extensionId":{"value":"vscode.debug-auto-launch","_lower":"vscode.debug-auto-launch"},"activationEvent":"*"}
[2021-06-26 13:09:47.025] [exthost] [info] ExtensionService#loadCommonJSModule file:///snap/code/65/usr/share/code/resources/app/extensions/debug-auto-launch/dist/extension
[2021-06-26 13:09:47.029] [exthost] [info] ExtensionService#_doActivateExtension vscode.git {"startup":true,"extensionId":{"value":"vscode.github","_lower":"vscode.github"},"activationEvent":"*"}
[2021-06-26 13:09:47.029] [exthost] [info] ExtensionService#loadCommonJSModule file:///snap/code/65/usr/share/code/resources/app/extensions/git/dist/main
[2021-06-26 13:09:47.044] [exthost] [info] ExtensionService#_doActivateExtension TabNine.tabnine-vscode {"startup":true,"extensionId":{"value":"TabNine.tabnine-vscode","_lower":"tabnine.tabnine-vscode"},"activationEvent":"*"}
[2021-06-26 13:09:47.044] [exthost] [info] ExtensionService#loadCommonJSModule file:///root/.vscode/extensions/tabnine.tabnine-vscode-3.4.10/out/extension
[2021-06-26 13:09:47.109] [exthost] [info] ExtensionService#_doActivateExtension yandeu.five-server {"startup":true,"extensionId":{"value":"yandeu.five-server","_lower":"yandeu.five-server"},"activationEvent":"*"}
[2021-06-26 13:09:47.109] [exthost] [info] ExtensionService#loadCommonJSModule file:///root/.vscode/extensions/yandeu.five-server-0.0.30/out/extension.js
[2021-06-26 13:09:47.386] [exthost] [info] ExtensionService#_doActivateExtension vscode.configuration-editing {"startup":false,"extensionId":{"value":"vscode.configuration-editing","_lower":"vscode.configuration-editing"},"activationEvent":"onLanguage:jsonc"}
[2021-06-26 13:09:47.386] [exthost] [info] ExtensionService#loadCommonJSModule file:///snap/code/65/usr/share/code/resources/app/extensions/configuration-editing/dist/configurationEditingMain
[2021-06-26 13:09:47.393] [exthost] [info] ExtensionService#_doActivateExtension vscode.json-language-features {"startup":false,"extensionId":{"value":"vscode.json-language-features","_lower":"vscode.json-language-features"},"activationEvent":"onLanguage:jsonc"}
[2021-06-26 13:09:47.393] [exthost] [info] ExtensionService#loadCommonJSModule file:///snap/code/65/usr/share/code/resources/app/extensions/json-language-features/client/dist/node/jsonClientMain
[2021-06-26 13:09:47.456] [exthost] [info] ExtensionService#_doActivateExtension vscode.typescript-language-features {"startup":false,"extensionId":{"value":"vscode.typescript-language-features","_lower":"vscode.typescript-language-features"},"activationEvent":"onLanguage:jsonc"}
[2021-06-26 13:09:47.456] [exthost] [info] ExtensionService#loadCommonJSModule file:///snap/code/65/usr/share/code/resources/app/extensions/typescript-language-features/dist/extension
[2021-06-26 13:09:47.516] [exthost] [info] ExtensionService#_doActivateExtension vscode.github {"startup":true,"extensionId":{"value":"vscode.github","_lower":"vscode.github"},"activationEvent":"*"}
[2021-06-26 13:09:47.517] [exthost] [info] ExtensionService#loadCommonJSModule file:///snap/code/65/usr/share/code/resources/app/extensions/github/dist/extension.js
[2021-06-26 13:09:47.630] [exthost] [info] eager extensions activated
[2021-06-26 13:09:47.672] [exthost] [info] ExtensionService#_doActivateExtension ms-vscode.js-debug {"startup":false,"extensionId":{"value":"ms-vscode.js-debug","_lower":"ms-vscode.js-debug"},"activationEvent":"onCommand:extension.js-debug.clearAutoAttachVariables"}
[2021-06-26 13:09:47.672] [exthost] [info] ExtensionService#loadCommonJSModule file:///snap/code/65/usr/share/code/resources/app/extensions/ms-vscode.js-debug/src/extension.js
[2021-06-26 13:09:47.936] [exthost] [info] ExtensionService#_doActivateExtension vscode.emmet {"startup":false,"extensionId":{"value":"vscode.emmet","_lower":"vscode.emmet"},"activationEvent":"onStartupFinished"}
[2021-06-26 13:09:47.937] [exthost] [info] ExtensionService#loadCommonJSModule file:///snap/code/65/usr/share/code/resources/app/extensions/emmet/dist/node/emmetNodeMain
[2021-06-26 13:09:47.948] [exthost] [info] ExtensionService#_doActivateExtension vscode.merge-conflict {"startup":false,"extensionId":{"value":"vscode.merge-conflict","_lower":"vscode.merge-conflict"},"activationEvent":"onStartupFinished"}
[2021-06-26 13:09:47.948] [exthost] [info] ExtensionService#loadCommonJSModule file:///snap/code/65/usr/share/code/resources/app/extensions/merge-conflict/dist/mergeConflictMain
[2021-06-26 13:09:47.951] [exthost] [info] ExtensionService#_doActivateExtension vscode.testing-editor-contributions {"startup":false,"extensionId":{"value":"vscode.testing-editor-contributions","_lower":"vscode.testing-editor-contributions"},"activationEvent":"onStartupFinished"}
[2021-06-26 13:09:47.951] [exthost] [info] ExtensionService#loadCommonJSModule file:///snap/code/65/usr/share/code/resources/app/extensions/testing-editor-contributions/dist/extension.js
[2021-06-26 13:09:48.019] [exthost] [info] ExtensionService#_doActivateExtension vscode.github-authentication {"startup":false,"extensionId":{"value":"vscode.github-authentication","_lower":"vscode.github-authentication"},"activationEvent":"onAuthenticationRequest:github"}
[2021-06-26 13:09:48.020] [exthost] [info] ExtensionService#loadCommonJSModule file:///snap/code/65/usr/share/code/resources/app/extensions/github-authentication/dist/extension.js
[2021-06-26 13:09:48.796] [exthost] [info] ExtensionService#_doActivateExtension ms-toolsai.jupyter {"startup":false,"extensionId":{"value":"ms-toolsai.jupyter","_lower":"ms-toolsai.jupyter"},"activationEvent":"onLanguage:python"}
[2021-06-26 13:09:48.796] [exthost] [info] ExtensionService#loadCommonJSModule file:///root/.vscode/extensions/ms-toolsai.jupyter-2021.6.832593372/out/client/extension
[2021-06-26 13:09:49.444] [exthost] [info] ExtensionService#_doActivateExtension tht13.python {"startup":false,"extensionId":{"value":"tht13.python","_lower":"tht13.python"},"activationEvent":"onLanguage:python"}
[2021-06-26 13:09:49.445] [exthost] [info] ExtensionService#loadCommonJSModule file:///root/.vscode/extensions/tht13.python-0.2.3/out/client/src/pythonMain
[2021-06-26 13:09:50.231] [exthost] [info] ExtensionService#_doActivateExtension ms-python.python {"startup":false,"extensionId":{"value":"ms-python.vscode-pylance","_lower":"ms-python.vscode-pylance"},"activationEvent":"onLanguage:python"}
[2021-06-26 13:09:50.231] [exthost] [info] ExtensionService#loadCommonJSModule file:///root/.vscode/extensions/ms-python.python-2021.5.926500501/out/client/extension
[2021-06-26 13:09:54.314] [exthost] [info] ExtensionService#_doActivateExtension ms-python.vscode-pylance {"startup":false,"extensionId":{"value":"ms-python.vscode-pylance","_lower":"ms-python.vscode-pylance"},"activationEvent":"onLanguage:python"}
[2021-06-26 13:09:54.314] [exthost] [info] ExtensionService#loadCommonJSModule file:///root/.vscode/extensions/ms-python.vscode-pylance-2021.6.3/dist/extension.bundle.js
[2021-06-26 13:32:22.597] [exthost] [error] [ms-python.python] provider FAILED
[2021-06-26 13:32:22.597] [exthost] [error] Error: name must not be falsy
	at Function.validate (/snap/code/65/usr/share/code/resources/app/out/vs/workbench/services/extensions/node/extensionHostProcess.js:76:26689)
	at new n (/snap/code/65/usr/share/code/resources/app/out/vs/workbench/services/extensions/node/extensionHostProcess.js:76:26638)
	at new n (/snap/code/65/usr/share/code/resources/app/out/vs/workbench/services/extensions/node/extensionHostProcess.js:76:13328)
	at H (/root/.vscode/extensions/ms-python.python-2021.5.926500501/out/client/extension.js:59:138227)
	at Array.map (<anonymous>)
	at Object.asDocumentSymbols (/root/.vscode/extensions/ms-python.python-2021.5.926500501/out/client/extension.js:59:143565)
	at /root/.vscode/extensions/ms-python.python-2021.5.926500501/out/client/extension.js:9:148239
[2021-06-26 13:32:23.280] [exthost] [error] [ms-python.python] provider FAILED
[2021-06-26 13:32:23.280] [exthost] [error] Error: name must not be falsy
	at Function.validate (/snap/code/65/usr/share/code/resources/app/out/vs/workbench/services/extensions/node/extensionHostProcess.js:76:26689)
	at new n (/snap/code/65/usr/share/code/resources/app/out/vs/workbench/services/extensions/node/extensionHostProcess.js:76:26638)
	at new n (/snap/code/65/usr/share/code/resources/app/out/vs/workbench/services/extensions/node/extensionHostProcess.js:76:13328)
	at H (/root/.vscode/extensions/ms-python.python-2021.5.926500501/out/client/extension.js:59:138227)
	at Array.map (<anonymous>)
	at Object.asDocumentSymbols (/root/.vscode/extensions/ms-python.python-2021.5.926500501/out/client/extension.js:59:143565)
	at /root/.vscode/extensions/ms-python.python-2021.5.926500501/out/client/extension.js:9:148239
[2021-06-26 13:32:26.297] [exthost] [error] [ms-python.python] provider FAILED
[2021-06-26 13:32:26.297] [exthost] [error] Error: name must not be falsy
	at Function.validate (/snap/code/65/usr/share/code/resources/app/out/vs/workbench/services/extensions/node/extensionHostProcess.js:76:26689)
	at new n (/snap/code/65/usr/share/code/resources/app/out/vs/workbench/services/extensions/node/extensionHostProcess.js:76:26638)
	at new n (/snap/code/65/usr/share/code/resources/app/out/vs/workbench/services/extensions/node/extensionHostProcess.js:76:13328)
	at H (/root/.vscode/extensions/ms-python.python-2021.5.926500501/out/client/extension.js:59:138227)
	at Array.map (<anonymous>)
	at Object.asDocumentSymbols (/root/.vscode/extensions/ms-python.python-2021.5.926500501/out/client/extension.js:59:143565)
	at /root/.vscode/extensions/ms-python.python-2021.5.926500501/out/client/extension.js:9:148239
[2021-06-26 13:32:27.470] [exthost] [error] [ms-python.python] provider FAILED
[2021-06-26 13:32:27.470] [exthost] [error] Error: name must not be falsy
	at Function.validate (/snap/code/65/usr/share/code/resources/app/out/vs/workbench/services/extensions/node/extensionHostProcess.js:76:26689)
	at new n (/snap/code/65/usr/share/code/resources/app/out/vs/workbench/services/extensions/node/extensionHostProcess.js:76:26638)
	at new n (/snap/code/65/usr/share/code/resources/app/out/vs/workbench/services/extensions/node/extensionHostProcess.js:76:13328)
	at H (/root/.vscode/extensions/ms-python.python-2021.5.926500501/out/client/extension.js:59:138227)
	at Array.map (<anonymous>)
	at Object.asDocumentSymbols (/root/.vscode/extensions/ms-python.python-2021.5.926500501/out/client/extension.js:59:143565)
	at /root/.vscode/extensions/ms-python.python-2021.5.926500501/out/client/extension.js:9:148239
[2021-06-26 13:32:28.923] [exthost] [error] [ms-python.python] provider FAILED
[2021-06-26 13:32:28.923] [exthost] [error] Error: name must not be falsy
	at Function.validate (/snap/code/65/usr/share/code/resources/app/out/vs/workbench/services/extensions/node/extensionHostProcess.js:76:26689)
	at new n (/snap/code/65/usr/share/code/resources/app/out/vs/workbench/services/extensions/node/extensionHostProcess.js:76:26638)
	at new n (/snap/code/65/usr/share/code/resources/app/out/vs/workbench/services/extensions/node/extensionHostProcess.js:76:13328)
	at H (/root/.vscode/extensions/ms-python.python-2021.5.926500501/out/client/extension.js:59:138227)
	at Array.map (<anonymous>)
	at Object.asDocumentSymbols (/root/.vscode/extensions/ms-python.python-2021.5.926500501/out/client/extension.js:59:143565)
	at /root/.vscode/extensions/ms-python.python-2021.5.926500501/out/client/extension.js:9:148239
[2021-06-26 13:32:30.870] [exthost] [error] [ms-python.python] provider FAILED
[2021-06-26 13:32:30.870] [exthost] [error] Error: name must not be falsy
	at Function.validate (/snap/code/65/usr/share/code/resources/app/out/vs/workbench/services/extensions/node/extensionHostProcess.js:76:26689)
	at new n (/snap/code/65/usr/share/code/resources/app/out/vs/workbench/services/extensions/node/extensionHostProcess.js:76:26638)
	at new n (/snap/code/65/usr/share/code/resources/app/out/vs/workbench/services/extensions/node/extensionHostProcess.js:76:13328)
	at H (/root/.vscode/extensions/ms-python.python-2021.5.926500501/out/client/extension.js:59:138227)
	at Array.map (<anonymous>)
	at Object.asDocumentSymbols (/root/.vscode/extensions/ms-python.python-2021.5.926500501/out/client/extension.js:59:143565)
	at /root/.vscode/extensions/ms-python.python-2021.5.926500501/out/client/extension.js:9:148239
[2021-06-26 13:32:31.808] [exthost] [error] [ms-python.python] provider FAILED
[2021-06-26 13:32:31.808] [exthost] [error] Error: name must not be falsy
	at Function.validate (/snap/code/65/usr/share/code/resources/app/out/vs/workbench/services/extensions/node/extensionHostProcess.js:76:26689)
	at new n (/snap/code/65/usr/share/code/resources/app/out/vs/workbench/services/extensions/node/extensionHostProcess.js:76:26638)
	at new n (/snap/code/65/usr/share/code/resources/app/out/vs/workbench/services/extensions/node/extensionHostProcess.js:76:13328)
	at H (/root/.vscode/extensions/ms-python.python-2021.5.926500501/out/client/extension.js:59:138227)
	at Array.map (<anonymous>)
	at Object.asDocumentSymbols (/root/.vscode/extensions/ms-python.python-2021.5.926500501/out/client/extension.js:59:143565)
	at /root/.vscode/extensions/ms-python.python-2021.5.926500501/out/client/extension.js:9:148239
[2021-06-26 13:32:32.834] [exthost] [error] [ms-python.python] provider FAILED
[2021-06-26 13:32:32.834] [exthost] [error] Error: name must not be falsy
	at Function.validate (/snap/code/65/usr/share/code/resources/app/out/vs/workbench/services/extensions/node/extensionHostProcess.js:76:26689)
	at new n (/snap/code/65/usr/share/code/resources/app/out/vs/workbench/services/extensions/node/extensionHostProcess.js:76:26638)
	at new n (/snap/code/65/usr/share/code/resources/app/out/vs/workbench/services/extensions/node/extensionHostProcess.js:76:13328)
	at H (/root/.vscode/extensions/ms-python.python-2021.5.926500501/out/client/extension.js:59:138227)
	at Array.map (<anonymous>)
	at Object.asDocumentSymbols (/root/.vscode/extensions/ms-python.python-2021.5.926500501/out/client/extension.js:59:143565)
	at /root/.vscode/extensions/ms-python.python-2021.5.926500501/out/client/extension.js:9:148239
[2021-06-26 13:32:33.775] [exthost] [error] [ms-python.python] provider FAILED
[2021-06-26 13:32:33.775] [exthost] [error] Error: name must not be falsy
	at Function.validate (/snap/code/65/usr/share/code/resources/app/out/vs/workbench/services/extensions/node/extensionHostProcess.js:76:26689)
	at new n (/snap/code/65/usr/share/code/resources/app/out/vs/workbench/services/extensions/node/extensionHostProcess.js:76:26638)
	at new n (/snap/code/65/usr/share/code/resources/app/out/vs/workbench/services/extensions/node/extensionHostProcess.js:76:13328)
	at H (/root/.vscode/extensions/ms-python.python-2021.5.926500501/out/client/extension.js:59:138227)
	at Array.map (<anonymous>)
	at Object.asDocumentSymbols (/root/.vscode/extensions/ms-python.python-2021.5.926500501/out/client/extension.js:59:143565)
	at /root/.vscode/extensions/ms-python.python-2021.5.926500501/out/client/extension.js:9:148239
[2021-06-26 13:32:35.770] [exthost] [error] [ms-python.python] provider FAILED
[2021-06-26 13:32:35.770] [exthost] [error] Error: name must not be falsy
	at Function.validate (/snap/code/65/usr/share/code/resources/app/out/vs/workbench/services/extensions/node/extensionHostProcess.js:76:26689)
	at new n (/snap/code/65/usr/share/code/resources/app/out/vs/workbench/services/extensions/node/extensionHostProcess.js:76:26638)
	at new n (/snap/code/65/usr/share/code/resources/app/out/vs/workbench/services/extensions/node/extensionHostProcess.js:76:13328)
	at H (/root/.vscode/extensions/ms-python.python-2021.5.926500501/out/client/extension.js:59:138227)
	at Array.map (<anonymous>)
	at Object.asDocumentSymbols (/root/.vscode/extensions/ms-python.python-2021.5.926500501/out/client/extension.js:59:143565)
	at /root/.vscode/extensions/ms-python.python-2021.5.926500501/out/client/extension.js:9:148239
[2021-06-26 13:32:38.467] [exthost] [error] [ms-python.python] provider FAILED
[2021-06-26 13:32:38.468] [exthost] [error] Error: name must not be falsy
	at Function.validate (/snap/code/65/usr/share/code/resources/app/out/vs/workbench/services/extensions/node/extensionHostProcess.js:76:26689)
	at new n (/snap/code/65/usr/share/code/resources/app/out/vs/workbench/services/extensions/node/extensionHostProcess.js:76:26638)
	at new n (/snap/code/65/usr/share/code/resources/app/out/vs/workbench/services/extensions/node/extensionHostProcess.js:76:13328)
	at H (/root/.vscode/extensions/ms-python.python-2021.5.926500501/out/client/extension.js:59:138227)
	at Array.map (<anonymous>)
	at Object.asDocumentSymbols (/root/.vscode/extensions/ms-python.python-2021.5.926500501/out/client/extension.js:59:143565)
	at /root/.vscode/extensions/ms-python.python-2021.5.926500501/out/client/extension.js:9:148239
[2021-06-26 13:32:39.240] [exthost] [error] [ms-python.python] provider FAILED
[2021-06-26 13:32:39.240] [exthost] [error] Error: name must not be falsy
	at Function.validate (/snap/code/65/usr/share/code/resources/app/out/vs/workbench/services/extensions/node/extensionHostProcess.js:76:26689)
	at new n (/snap/code/65/usr/share/code/resources/app/out/vs/workbench/services/extensions/node/extensionHostProcess.js:76:26638)
	at new n (/snap/code/65/usr/share/code/resources/app/out/vs/workbench/services/extensions/node/extensionHostProcess.js:76:13328)
	at H (/root/.vscode/extensions/ms-python.python-2021.5.926500501/out/client/extension.js:59:138227)
	at Array.map (<anonymous>)
	at Object.asDocumentSymbols (/root/.vscode/extensions/ms-python.python-2021.5.926500501/out/client/extension.js:59:143565)
	at /root/.vscode/extensions/ms-python.python-2021.5.926500501/out/client/extension.js:9:148239
[2021-06-26 13:32:40.013] [exthost] [error] [ms-python.python] provider FAILED
[2021-06-26 13:32:40.013] [exthost] [error] Error: name must not be falsy
	at Function.validate (/snap/code/65/usr/share/code/resources/app/out/vs/workbench/services/extensions/node/extensionHostProcess.js:76:26689)
	at new n (/snap/code/65/usr/share/code/resources/app/out/vs/workbench/services/extensions/node/extensionHostProcess.js:76:26638)
	at new n (/snap/code/65/usr/share/code/resources/app/out/vs/workbench/services/extensions/node/extensionHostProcess.js:76:13328)
	at H (/root/.vscode/extensions/ms-python.python-2021.5.926500501/out/client/extension.js:59:138227)
	at Array.map (<anonymous>)
	at Object.asDocumentSymbols (/root/.vscode/extensions/ms-python.python-2021.5.926500501/out/client/extension.js:59:143565)
	at /root/.vscode/extensions/ms-python.python-2021.5.926500501/out/client/extension.js:9:148239
[2021-06-26 13:32:41.913] [exthost] [error] [ms-python.python] provider FAILED
[2021-06-26 13:32:41.913] [exthost] [error] Error: name must not be falsy
	at Function.validate (/snap/code/65/usr/share/code/resources/app/out/vs/workbench/services/extensions/node/extensionHostProcess.js:76:26689)
	at new n (/snap/code/65/usr/share/code/resources/app/out/vs/workbench/services/extensions/node/extensionHostProcess.js:76:26638)
	at new n (/snap/code/65/usr/share/code/resources/app/out/vs/workbench/services/extensions/node/extensionHostProcess.js:76:13328)
	at H (/root/.vscode/extensions/ms-python.python-2021.5.926500501/out/client/extension.js:59:138227)
	at Array.map (<anonymous>)
	at Object.asDocumentSymbols (/root/.vscode/extensions/ms-python.python-2021.5.926500501/out/client/extension.js:59:143565)
	at /root/.vscode/extensions/ms-python.python-2021.5.926500501/out/client/extension.js:9:148239
[2021-06-26 13:32:42.918] [exthost] [error] [ms-python.python] provider FAILED
[2021-06-26 13:32:42.918] [exthost] [error] Error: name must not be falsy
	at Function.validate (/snap/code/65/usr/share/code/resources/app/out/vs/workbench/services/extensions/node/extensionHostProcess.js:76:26689)
	at new n (/snap/code/65/usr/share/code/resources/app/out/vs/workbench/services/extensions/node/extensionHostProcess.js:76:26638)
	at new n (/snap/code/65/usr/share/code/resources/app/out/vs/workbench/services/extensions/node/extensionHostProcess.js:76:13328)
	at H (/root/.vscode/extensions/ms-python.python-2021.5.926500501/out/client/extension.js:59:138227)
	at Array.map (<anonymous>)
	at Object.asDocumentSymbols (/root/.vscode/extensions/ms-python.python-2021.5.926500501/out/client/extension.js:59:143565)
	at /root/.vscode/extensions/ms-python.python-2021.5.926500501/out/client/extension.js:9:148239
[2021-06-26 13:32:43.756] [exthost] [error] [ms-python.python] provider FAILED
[2021-06-26 13:32:43.756] [exthost] [error] Error: name must not be falsy
	at Function.validate (/snap/code/65/usr/share/code/resources/app/out/vs/workbench/services/extensions/node/extensionHostProcess.js:76:26689)
	at new n (/snap/code/65/usr/share/code/resources/app/out/vs/workbench/services/extensions/node/extensionHostProcess.js:76:26638)
	at new n (/snap/code/65/usr/share/code/resources/app/out/vs/workbench/services/extensions/node/extensionHostProcess.js:76:13328)
	at H (/root/.vscode/extensions/ms-python.python-2021.5.926500501/out/client/extension.js:59:138227)
	at Array.map (<anonymous>)
	at Object.asDocumentSymbols (/root/.vscode/extensions/ms-python.python-2021.5.926500501/out/client/extension.js:59:143565)
	at /root/.vscode/extensions/ms-python.python-2021.5.926500501/out/client/extension.js:9:148239
[2021-06-26 13:32:44.227] [exthost] [error] [ms-python.python] provider FAILED
[2021-06-26 13:32:44.227] [exthost] [error] Error: name must not be falsy
	at Function.validate (/snap/code/65/usr/share/code/resources/app/out/vs/workbench/services/extensions/node/extensionHostProcess.js:76:26689)
	at new n (/snap/code/65/usr/share/code/resources/app/out/vs/workbench/services/extensions/node/extensionHostProcess.js:76:26638)
	at new n (/snap/code/65/usr/share/code/resources/app/out/vs/workbench/services/extensions/node/extensionHostProcess.js:76:13328)
	at H (/root/.vscode/extensions/ms-python.python-2021.5.926500501/out/client/extension.js:59:138227)
	at Array.map (<anonymous>)
	at Object.asDocumentSymbols (/root/.vscode/extensions/ms-python.python-2021.5.926500501/out/client/extension.js:59:143565)
	at /root/.vscode/extensions/ms-python.python-2021.5.926500501/out/client/extension.js:9:148239
[2021-06-26 13:32:47.981] [exthost] [error] [ms-python.python] provider FAILED
[2021-06-26 13:32:47.982] [exthost] [error] Error: name must not be falsy
	at Function.validate (/snap/code/65/usr/share/code/resources/app/out/vs/workbench/services/extensions/node/extensionHostProcess.js:76:26689)
	at new n (/snap/code/65/usr/share/code/resources/app/out/vs/workbench/services/extensions/node/extensionHostProcess.js:76:26638)
	at new n (/snap/code/65/usr/share/code/resources/app/out/vs/workbench/services/extensions/node/extensionHostProcess.js:76:13328)
	at H (/root/.vscode/extensions/ms-python.python-2021.5.926500501/out/client/extension.js:59:138227)
	at Array.map (<anonymous>)
	at Object.asDocumentSymbols (/root/.vscode/extensions/ms-python.python-2021.5.926500501/out/client/extension.js:59:143565)
	at /root/.vscode/extensions/ms-python.python-2021.5.926500501/out/client/extension.js:9:148239
[2021-06-26 13:33:13.632] [exthost] [error] [ms-python.python] provider FAILED
[2021-06-26 13:33:13.632] [exthost] [error] Canceled: Canceled
	at E.makeCancelError (/root/.vscode/extensions/ms-python.python-2021.5.926500501/out/client/extension.js:9:183478)
	at E.handleFailedRequest (/root/.vscode/extensions/ms-python.python-2021.5.926500501/out/client/extension.js:9:183329)
	at /root/.vscode/extensions/ms-python.python-2021.5.926500501/out/client/extension.js:9:151190
[2021-06-26 13:33:21.154] [exthost] [error] [ms-python.python] provider FAILED
[2021-06-26 13:33:21.154] [exthost] [error] Canceled: Canceled
	at E.makeCancelError (/root/.vscode/extensions/ms-python.python-2021.5.926500501/out/client/extension.js:9:183478)
	at E.handleFailedRequest (/root/.vscode/extensions/ms-python.python-2021.5.926500501/out/client/extension.js:9:183329)
	at /root/.vscode/extensions/ms-python.python-2021.5.926500501/out/client/extension.js:9:151190
[2021-06-26 13:43:16.086] [exthost] [error] [ms-python.python] provider FAILED
[2021-06-26 13:43:16.086] [exthost] [error] Canceled: Canceled
	at E.makeCancelError (/root/.vscode/extensions/ms-python.python-2021.5.926500501/out/client/extension.js:9:183478)
	at E.handleFailedRequest (/root/.vscode/extensions/ms-python.python-2021.5.926500501/out/client/extension.js:9:183329)
	at /root/.vscode/extensions/ms-python.python-2021.5.926500501/out/client/extension.js:9:143671
