Validating found git in: git
Using git  from git
> git rev-parse --git-dir
Open repository: /home/mxolisi/Documents/Codes/Python/marketplaceio
> git status -z -u
> git check-ignore -v -z --stdin
> git symbolic-ref --short HEAD
> git for-each-ref --format=%(refname)%00%(upstream:short)%00%(objectname)%00%(upstream:track) refs/heads/jwt-auth refs/remotes/jwt-auth
> git for-each-ref --sort -committerdate --format %(refname) %(objectname) %(*objectname)
> git remote --verbose
> git config --get commit.template
> git show --textconv :Functions/Functions.py
> git ls-files --stage -- /home/mxolisi/Documents/Codes/Python/marketplaceio/Functions/Functions.py
> git cat-file -s 178a22301bf376f284961a7498f1e7ef8f59e8f7
> git show --textconv :Functions/database.py
> git ls-files --stage -- /home/mxolisi/Documents/Codes/Python/marketplaceio/Functions/database.py
> git cat-file -s 9f7af9f12c189a287db4977113d052778007166e
> git show --textconv :DBF/DBConnect.py
> git ls-files --stage -- /home/mxolisi/Documents/Codes/Python/marketplaceio/DBF/DBConnect.py
> git cat-file -s 47a0e65cde484f47764a08586aff1e3fdadf6c29
> git show --textconv :__init__.py
> git ls-files --stage -- /home/mxolisi/Documents/Codes/Python/marketplaceio/__init__.py
> git cat-file -s c41dff3ee76171595be0731804fdab6e597749c6
> git show --textconv :Controllers/UserController.py
> git ls-files --stage -- /home/mxolisi/Documents/Codes/Python/marketplaceio/Controllers/UserController.py
> git cat-file -s 6d044424cc823188e345cb8a49f5c00ddf67143b
> git status -z -u
> git symbolic-ref --short HEAD
> git for-each-ref --format=%(refname)%00%(upstream:short)%00%(objectname)%00%(upstream:track) refs/heads/jwt-auth refs/remotes/jwt-auth
> git for-each-ref --sort -committerdate --format %(refname) %(objectname) %(*objectname)
> git remote --verbose
> git config --get commit.template
> git show --textconv :DBF/DBFunctions.py
> git ls-files --stage -- /home/mxolisi/Documents/Codes/Python/marketplaceio/DBF/DBFunctions.py
> git cat-file -s 2938303bd68639a2f79482719a0e3ac93efa8056
> git status -z -u
> git symbolic-ref --short HEAD
> git for-each-ref --format=%(refname)%00%(upstream:short)%00%(objectname)%00%(upstream:track) refs/heads/jwt-auth refs/remotes/jwt-auth
> git for-each-ref --sort -committerdate --format %(refname) %(objectname) %(*objectname)
> git remote --verbose
> git config --get commit.template
> git show --textconv :Controllers/UserController.py
> git ls-files --stage -- /home/mxolisi/Documents/Codes/Python/marketplaceio/Controllers/UserController.py
> git cat-file -s 6d044424cc823188e345cb8a49f5c00ddf67143b
> git status -z -u
> git symbolic-ref --short HEAD
> git for-each-ref --format=%(refname)%00%(upstream:short)%00%(objectname)%00%(upstream:track) refs/heads/jwt-auth refs/remotes/jwt-auth
> git for-each-ref --sort -committerdate --format %(refname) %(objectname) %(*objectname)
> git remote --verbose
> git config --get commit.template
> git show --textconv :__init__.py
> git ls-files --stage -- /home/mxolisi/Documents/Codes/Python/marketplaceio/__init__.py
> git cat-file -s c41dff3ee76171595be0731804fdab6e597749c6
> git status -z -u
> git symbolic-ref --short HEAD
> git for-each-ref --format=%(refname)%00%(upstream:short)%00%(objectname)%00%(upstream:track) refs/heads/jwt-auth refs/remotes/jwt-auth
> git for-each-ref --sort -committerdate --format %(refname) %(objectname) %(*objectname)
> git remote --verbose
> git config --get commit.template
> git show --textconv :Controllers/UserController.py
> git ls-files --stage -- /home/mxolisi/Documents/Codes/Python/marketplaceio/Controllers/UserController.py
> git cat-file -s 6d044424cc823188e345cb8a49f5c00ddf67143b
> git status -z -u
> git symbolic-ref --short HEAD
> git for-each-ref --format=%(refname)%00%(upstream:short)%00%(objectname)%00%(upstream:track) refs/heads/jwt-auth refs/remotes/jwt-auth
> git for-each-ref --sort -committerdate --format %(refname) %(objectname) %(*objectname)
> git remote --verbose
> git config --get commit.template
> git status -z -u
> git symbolic-ref --short HEAD
> git for-each-ref --format=%(refname)%00%(upstream:short)%00%(objectname)%00%(upstream:track) refs/heads/jwt-auth refs/remotes/jwt-auth
> git for-each-ref --sort -committerdate --format %(refname) %(objectname) %(*objectname)
> git remote --verbose
> git config --get commit.template
> git status -z -u
> git symbolic-ref --short HEAD
> git for-each-ref --format=%(refname)%00%(upstream:short)%00%(objectname)%00%(upstream:track) refs/heads/jwt-auth refs/remotes/jwt-auth
> git for-each-ref --sort -committerdate --format %(refname) %(objectname) %(*objectname)
> git remote --verbose
> git config --get commit.template
> git status -z -u
> git symbolic-ref --short HEAD
> git for-each-ref --format=%(refname)%00%(upstream:short)%00%(objectname)%00%(upstream:track) refs/heads/jwt-auth refs/remotes/jwt-auth
> git for-each-ref --sort -committerdate --format %(refname) %(objectname) %(*objectname)
> git remote --verbose
> git config --get commit.template
> git status -z -u
> git symbolic-ref --short HEAD
> git for-each-ref --format=%(refname)%00%(upstream:short)%00%(objectname)%00%(upstream:track) refs/heads/jwt-auth refs/remotes/jwt-auth
> git for-each-ref --sort -committerdate --format %(refname) %(objectname) %(*objectname)
> git remote --verbose
> git config --get commit.template
> git status -z -u
> git symbolic-ref --short HEAD
> git for-each-ref --format=%(refname)%00%(upstream:short)%00%(objectname)%00%(upstream:track) refs/heads/jwt-auth refs/remotes/jwt-auth
> git for-each-ref --sort -committerdate --format %(refname) %(objectname) %(*objectname)
> git remote --verbose
> git config --get commit.template
> git status -z -u
> git symbolic-ref --short HEAD
> git for-each-ref --format=%(refname)%00%(upstream:short)%00%(objectname)%00%(upstream:track) refs/heads/jwt-auth refs/remotes/jwt-auth
> git for-each-ref --sort -committerdate --format %(refname) %(objectname) %(*objectname)
> git remote --verbose
> git config --get commit.template
> git show --textconv :__init__.py
> git ls-files --stage -- /home/mxolisi/Documents/Codes/Python/marketplaceio/__init__.py
> git cat-file -s c41dff3ee76171595be0731804fdab6e597749c6
> git status -z -u
> git symbolic-ref --short HEAD
> git for-each-ref --format=%(refname)%00%(upstream:short)%00%(objectname)%00%(upstream:track) refs/heads/jwt-auth refs/remotes/jwt-auth
> git for-each-ref --sort -committerdate --format %(refname) %(objectname) %(*objectname)
> git remote --verbose
> git config --get commit.template
> git check-ignore -v -z --stdin
git.stage 1
git.stage.scmResources 1
> git add -A -- /home/mxolisi/Documents/Codes/Python/marketplaceio/__init__.py
> git status -z -u
> git symbolic-ref --short HEAD
> git for-each-ref --format=%(refname)%00%(upstream:short)%00%(objectname)%00%(upstream:track) refs/heads/jwt-auth refs/remotes/jwt-auth
> git for-each-ref --sort -committerdate --format %(refname) %(objectname) %(*objectname)
> git remote --verbose
> git config --get commit.template
> git ls-files --stage -- /home/mxolisi/Documents/Codes/Python/marketplaceio/__init__.py
> git cat-file -s 446f1c6360743911c398cc8312bdfd21f471652b
> git show --textconv :__init__.py
> git status -z -u
> git symbolic-ref --short HEAD
> git for-each-ref --format=%(refname)%00%(upstream:short)%00%(objectname)%00%(upstream:track) refs/heads/jwt-auth refs/remotes/jwt-auth
> git for-each-ref --sort -committerdate --format %(refname) %(objectname) %(*objectname)
> git remote --verbose
> git config --get commit.template
> git add -A -- /home/mxolisi/Documents/Codes/Python/marketplaceio/Controllers/UserController.py /home/mxolisi/Documents/Codes/Python/marketplaceio/DBF/DBFunctions.py /home/mxolisi/Documents/Codes/Python/marketplaceio/~/.vscode-root/Cache/625bbe30771f2f39_0 /home/mxolisi/Documents/Codes/Python/marketplaceio/~/.vscode-root/Cache/c85687354a0e770a_0 /home/mxolisi/Documents/Codes/Python/marketplaceio/~/.vscode-root/Cache/cbc42e4c979f69f0_0 /home/mxolisi/Documents/Codes/Python/marketplaceio/~/.vscode-root/Cache/index-dir/the-real-index /home/mxolisi/Documents/Codes/Python/marketplaceio/~/.vscode-root/CachedExtensionVSIXs/ms-python.python-2021.5.926500501 /home/mxolisi/Documents/Codes/Python/marketplaceio/~/.vscode-root/CachedExtensionVSIXs/ms-python.vscode-pylance-2021.6.3 /home/mxolisi/Documents/Codes/Python/marketplaceio/~/.vscode-root/CachedExtensions/builtin /home/mxolisi/Documents/Codes/Python/marketplaceio/~/.vscode-root/Cookies /home/mxolisi/Documents/Codes/Python/marketplaceio/~/.vscode-root/GPUCache/data_1 /home/mxolisi/Documents/Codes/Python/marketplaceio/~/.vscode-root/GPUCache/index /home/mxolisi/Documents/Codes/Python/marketplaceio/~/.vscode-root/Local Storage/leveldb/LOG /home/mxolisi/Documents/Codes/Python/marketplaceio/~/.vscode-root/Local Storage/leveldb/LOG.old /home/mxolisi/Documents/Codes/Python/marketplaceio/~/.vscode-root/QuotaManager /home/mxolisi/Documents/Codes/Python/marketplaceio/~/.vscode-root/Service Worker/Database/000003.log /home/mxolisi/Documents/Codes/Python/marketplaceio/~/.vscode-root/Service Worker/Database/LOG /home/mxolisi/Documents/Codes/Python/marketplaceio/~/.vscode-root/Service Worker/Database/LOG.old /home/mxolisi/Documents/Codes/Python/marketplaceio/~/.vscode-root/TransportSecurity /home/mxolisi/Documents/Codes/Python/marketplaceio/~/.vscode-root/User/globalStorage/state.vscdb /home/mxolisi/Documents/Codes/Python/marketplaceio/~/.vscode-root/User/globalStorage/tabnine.tabnine-vscode/binaries/3.5.5/x86_64-unknown-linux-musl/TabNine /home/mxolisi/Documents/Codes/Python/marketplaceio/~/.vscode-root/User/globalStorage/tabnine.tabnine-vscode/binaries/3.5.5/x86_64-unknown-linux-musl/TabNine-deep-cloud /home/mxolisi/Documents/Codes/Python/marketplaceio/~/.vscode-root/User/globalStorage/tabnine.tabnine-vscode/binaries/3.5.5/x86_64-unknown-linux-musl/TabNine-deep-local /home/mxolisi/Documents/Codes/Python/marketplaceio/~/.vscode-root/User/globalStorage/tabnine.tabnine-vscode/binaries/3.5.5/x86_64-unknown-linux-musl/WD-TabNine /home/mxolisi/Documents/Codes/Python/marketplaceio/~/.vscode-root/User/globalStorage/tabnine.tabnine-vscode/binaries/3.7.5/x86_64-unknown-linux-musl/TabNine /home/mxolisi/Documents/Codes/Python/marketplaceio/~/.vscode-root/User/globalStorage/tabnine.tabnine-vscode/binaries/3.7.5/x86_64-unknown-linux-musl/TabNine-deep-cloud /home/mxolisi/Documents/Codes/Python/marketplaceio/~/.vscode-root/User/globalStorage/tabnine.tabnine-vscode/binaries/3.7.5/x86_64-unknown-linux-musl/TabNine-deep-local /home/mxolisi/Documents/Codes/Python/marketplaceio/~/.vscode-root/User/globalStorage/tabnine.tabnine-vscode/binaries/3.7.5/x86_64-unknown-linux-musl/WD-TabNine /home/mxolisi/Documents/Codes/Python/marketplaceio/~/.vscode-root/User/workspaceStorage/2043c08808b11c6d72ff670c5ef27e7b/state.vscdb /home/mxolisi/Documents/Codes/Python/marketplaceio/~/.vscode-root/code.lock /home/mxolisi/Documents/Codes/Python/marketplaceio/~/.vscode-root/logs/20211004T133912/exthost1/output_logging_20211004T133926/5-Git.log /home/mxolisi/Documents/Codes/Python/marketplaceio/~/.vscode-root/logs/20211004T133912/exthost1/output_logging_20211004T133930/7-GitHub Authentication.log /home/mxolisi/Documents/Codes/Python/marketplaceio/~/.vscode-root/logs/20211004T133912/main.log /home/mxolisi/Documents/Codes/Python/marketplaceio/~/.vscode-root/logs/20211004T133912/renderer1.log /home/mxolisi/Documents/Codes/Python/marketplaceio/~/.vscode-root/storage.json /home/mxolisi/Documents/Codes/Python/marketplaceio/~/.vscode-root/Cache/012f7e11af8c5401_0 /home/mxolisi/Documents/Codes/Python/marketplaceio/~/.vscode-root/Cache/05be880328c0075e_0 /home/mxolisi/Documents/Codes/Python/marketplaceio/~/.vscode-root/Cache/0e3c550a54769c9a_0 /home/mxolisi/Documents/Codes/Python/marketplaceio/~/.vscode-root/Cache/0f0e257d9c2482fd_0 /home/mxolisi/Documents/Codes/Python/marketplaceio/~/.vscode-root/Cache/15e9b6ed336c52f5_0 /home/mxolisi/Documents/Codes/Python/marketplaceio/~/.vscode-root/Cache/1673ec621d44be58_0 /home/mxolisi/Documents/Codes/Python/marketplaceio/~/.vscode-root/Cache/2da165d54efda90a_0 /home/mxolisi/Documents/Codes/Python/marketplaceio/~/.vscode-root/Cache/4aaa234fc21d121f_0 /home/mxolisi/Documents/Codes/Python/marketplaceio/~/.vscode-root/Cache/51262668061365f0_0 /home/mxolisi/Documents/Codes/Python/marketplaceio/~/.vscode-root/Cache/531a361992f68da7_0 /home/mxolisi/Documents/Codes/Python/marketplaceio/~/.vscode-root/Cache/56695f37d439785a_0 /home/mxolisi/Documents/Codes/Python/marketplaceio/~/.vscode-root/Cache/57af9d52a0f4e8e5_0 /home/mxolisi/Documents/Codes/Python/marketplaceio/~/.vscode-root/Cache/5b9c5ea08575c019_0 /home/mxolisi/Documents/Codes/Python/marketplaceio/~/.vscode-root/Cache/5efb4f0724a5d675_0 /home/mxolisi/Documents/Codes/Python/marketplaceio/~/.vscode-root/Cache/7304dacccfe807ea_0 /home/mxolisi/Documents/Codes/Python/marketplaceio/~/.vscode-root/Cache/73cece1449920e9b_0 /home/mxolisi/Documents/Codes/Python/marketplaceio/~/.vscode-root/Cache/7d94de5a11caa599_0 /home/mxolisi/Documents/Codes/Python/marketplaceio/~/.vscode-root/Cache/9140328eb985335f_0 /home/mxolisi/Documents/Codes/Python/marketplaceio/~/.vscode-root/Cache/965752ef7e428e99_0 /home/mxolisi/Documents/Codes/Python/marketplaceio/~/.vscode-root/Cache/9cdc08d857ace1a1_0 /home/mxolisi/Documents/Codes/Python/marketplaceio/~/.vscode-root/Cache/a40694d4b1e45db2_0 /home/mxolisi/Documents/Codes/Python/marketplaceio/~/.vscode-root/Cache/a5a5e30ab95be9f9_0 /home/mxolisi/Documents/Codes/Python/marketplaceio/~/.vscode-root/Cache/ad4500898183117b_0 /home/mxolisi/Documents/Codes/Python/marketplaceio/~/.vscode-root/Cache/b099cb7838624042_0 /home/mxolisi/Documents/Codes/Python/marketplaceio/~/.vscode-root/Cache/bee43606922c2a47_0 /home/mxolisi/Documents/Codes/Python/marketplaceio/~/.vscode-root/Cache/bf275ed027c4a3ae_0 /home/mxolisi/Documents/Codes/Python/marketplaceio/~/.vscode-root/Cache/c5850a1cdfe535d5_0 /home/mxolisi/Documents/Codes/Python/marketplaceio/~/.vscode-root/Cache/ce65b859490fb40e_0 /home/mxolisi/Documents/Codes/Python/marketplaceio/~/.vscode-root/Cache/d8ccdc8e871eca18_0 /home/mxolisi/Documents/Codes/Python/marketplaceio/~/.vscode-root/Cache/d9ccbc83ee8a6094_0 /home/mxolisi/Documents/Codes/Python/marketplaceio/~/.vscode-root/Cache/e51f5c81ffb10acb_0 /home/mxolisi/Documents/Codes/Python/marketplaceio/~/.vscode-root/Cache/ea01b37de104b9f6_0 /home/mxolisi/Documents/Codes/Python/marketplaceio/~/.vscode-root/Cache/ec0f696069075a59_0 /home/mxolisi/Documents/Codes/Python/marketplaceio/~/.vscode-root/Cache/ee387b15e8a5ba67_0 /home/mxolisi/Documents/Codes/Python/marketplaceio/~/.vscode-root/CachedData/c13f1abb110fc756f9b3a6f16670df9cd9d4cf63/agent-0a956d59d9ba4e17ce17a63c0a9b9873.code /home/mxolisi/Documents/Codes/Python/marketplaceio/~/.vscode-root/CachedData/c13f1abb110fc756f9b3a6f16670df9cd9d4cf63/agent-7e785d6bee8d49d4f1f27f9671060856.code /home/mxolisi/Documents/Codes/Python/marketplaceio/~/.vscode-root/CachedData/c13f1abb110fc756f9b3a6f16670df9cd9d4cf63/agent-870cdaa9abaca1d74618b8cab4112484.code /home/mxolisi/Documents/Codes/Python/marketplaceio/~/.vscode-root/CachedData/c13f1abb110fc756f9b3a6f16670df9cd9d4cf63/agent-cf6a13dbf9f3111b6ad1c10ea544a351.code /home/mxolisi/Documents/Codes/Python/marketplaceio/~/.vscode-root/CachedData/c13f1abb110fc756f9b3a6f16670df9cd9d4cf63/async-6da62aefa35648e110488162da2b4805.code /home/mxolisi/Documents/Codes/Python/marketplaceio/~/.vscode-root/CachedData/c13f1abb110fc756f9b3a6f16670df9cd9d4cf63/bindings-514eb28af32793d6b26579241a822847.code /home/mxolisi/Documents/Codes/Python/marketplaceio/~/.vscode-root/CachedData/c13f1abb110fc756f9b3a6f16670df9cd9d4cf63/bindings-d7e2a32f6d8aa57f4c930a01dc40201a.code /home/mxolisi/Documents/Codes/Python/marketplaceio/~/.vscode-root/CachedData/c13f1abb110fc756f9b3a6f16670df9cd9d4cf63/chrome/js/1a596c1116fe5450_0 /home/mxolisi/Documents/Codes/Python/marketplaceio/~/.vscode-root/CachedData/c13f1abb110fc756f9b3a6f16670df9cd9d4cf63/chrome/js/2cd8d44af20c8881_0 /home/mxolisi/Documents/Codes/Python/marketplaceio/~/.vscode-root/CachedData/c13f1abb110fc756f9b3a6f16670df9cd9d4cf63/chrome/js/3808ed543f3286c1_0 /home/mxolisi/Documents/Codes/Python/marketplaceio/~/.vscode-root/CachedData/c13f1abb110fc756f9b3a6f16670df9cd9d4cf63/chrome/js/3d1b2dc4e0b27f4c_0 /home/mxolisi/Documents/Codes/Python/marketplaceio/~/.vscode-root/CachedData/c13f1abb110fc756f9b3a6f16670df9cd9d4cf63/chrome/js/411050e109a18314_0 /home/mxolisi/Documents/Codes/Python/marketplaceio/~/.vscode-root/CachedData/c13f1abb110fc756f9b3a6f16670df9cd9d4cf63/chrome/js/63093a2d7e7bbfc9_0 /home/mxolisi/Documents/Codes/Python/marketplaceio/~/.vscode-root/CachedData/c13f1abb110fc756f9b3a6f16670df9cd9d4cf63/chrome/js/6b5dee6a5960a874_0 /home/mxolisi/Documents/Codes/Python/marketplaceio/~/.vscode-root/CachedData/c13f1abb110fc756f9b3a6f16670df9cd9d4cf63/chrome/js/6c2e40e228974222_0 /home/mxolisi/Documents/Codes/Python/marketplaceio/~/.vscode-root/CachedData/c13f1abb110fc756f9b3a6f16670df9cd9d4cf63/chrome/js/6ce7e262e4068613_0 /home/mxolisi/Documents/Codes/Python/marketplaceio/~/.vscode-root/CachedData/c13f1abb110fc756f9b3a6f16670df9cd9d4cf63/chrome/js/7ce8d9b3b9f06809_0 /home/mxolisi/Documents/Codes/Python/marketplaceio/~/.vscode-root/CachedData/c13f1abb110fc756f9b3a6f16670df9cd9d4cf63/chrome/js/9fc8796ca8280532_0 /home/mxolisi/Documents/Codes/Python/marketplaceio/~/.vscode-root/CachedData/c13f1abb110fc756f9b3a6f16670df9cd9d4cf63/chrome/js/b80db3c6a1a8caf9_0 /home/mxolisi/Documents/Codes/Python/marketplaceio/~/.vscode-root/CachedData/c13f1abb110fc756f9b3a6f16670df9cd9d4cf63/chrome/js/d4cb7e81fa7aa1fe_0 /home/mxolisi/Documents/Codes/Python/marketplaceio/~/.vscode-root/CachedData/c13f1abb110fc756f9b3a6f16670df9cd9d4cf63/chrome/js/e45c3f48876cfb44_0 /home/mxolisi/Documents/Codes/Python/marketplaceio/~/.vscode-root/CachedData/c13f1abb110fc756f9b3a6f16670df9cd9d4cf63/chrome/js/ec5438f5334a4ed9_0 /home/mxolisi/Documents/Codes/Python/marketplaceio/~/.vscode-root/CachedData/c13f1abb110fc756f9b3a6f16670df9cd9d4cf63/chrome/js/ed19a3bd4358a007_0 /home/mxolisi/Documents/Codes/Python/marketplaceio/~/.vscode-root/CachedData/c13f1abb110fc756f9b3a6f16670df9cd9d4cf63/chrome/js/f229aa921fc3829a_0 /home/mxolisi/Documents/Codes/Python/marketplaceio/~/.vscode-root/CachedData/c13f1abb110fc756f9b3a6f16670df9cd9d4cf63/chrome/js/f8c83b15aacb06f3_0 /home/mxolisi/Documents/Codes/Python/marketplaceio/~/.vscode-root/CachedData/c13f1abb110fc756f9b3a6f16670df9cd9d4cf63/chrome/js/fcdbd94f53a9076c_0 /home/mxolisi/Documents/Codes/Python/marketplaceio/~/.vscode-root/CachedData/c13f1abb110fc756f9b3a6f16670df9cd9d4cf63/chrome/js/index /home/mxolisi/Documents/Codes/Python/marketplaceio/~/.vscode-root/CachedData/c13f1abb110fc756f9b3a6f16670df9cd9d4cf63/chrome/js/index-dir/the-real-index /home/mxolisi/Documents/Codes/Python/marketplaceio/~/.vscode-root/CachedData/c13f1abb110fc756f9b3a6f16670df9cd9d4cf63/chrome/wasm/index /home/mxolisi/Documents/Codes/Python/marketplaceio/~/.vscode-root/CachedData/c13f1abb110fc756f9b3a6f16670df9cd9d4cf63/chrome/wasm/index-dir/the-real-index /home/mxolisi/Documents/Codes/Python/marketplaceio/~/.vscode-root/CachedData/c13f1abb110fc756f9b3a6f16670df9cd9d4cf63/clone-10fa910417ed1f6f8f39a99b142b4ccc.code /home/mxolisi/Documents/Codes/Python/marketplaceio/~/.vscode-root/CachedData/c13f1abb110fc756f9b3a6f16670df9cd9d4cf63/clone-2394e78cf215498b2376d300d45cc3e8.code /home/mxolisi/Documents/Codes/Python/marketplaceio/~/.vscode-root/CachedData/c13f1abb110fc756f9b3a6f16670df9cd9d4cf63/clone-42206a6d09eb54d98a360e7d5ad79929.code /home/mxolisi/Documents/Codes/Python/marketplaceio/~/.vscode-root/CachedData/c13f1abb110fc756f9b3a6f16670df9cd9d4cf63/clone-a94ddeaf8888456bec4be55955993ba0.code /home/mxolisi/Documents/Codes/Python/marketplaceio/~/.vscode-root/CachedData/c13f1abb110fc756f9b3a6f16670df9cd9d4cf63/codeConverter-d0924187921a9489fcecc250d0a16e0a.code /home/mxolisi/Documents/Codes/Python/marketplaceio/~/.vscode-root/CachedData/c13f1abb110fc756f9b3a6f16670df9cd9d4cf63/colors-213e5af5edc989a6c868c3f18c04ea30.code /home/mxolisi/Documents/Codes/Python/marketplaceio/~/.vscode-root/CachedData/c13f1abb110fc756f9b3a6f16670df9cd9d4cf63/common-8042050f41293e30cd9e257518925311.code /home/mxolisi/Documents/Codes/Python/marketplaceio/~/.vscode-root/CachedData/c13f1abb110fc756f9b3a6f16670df9cd9d4cf63/common-8ae9eb7781216b13cf41e0e116c06e26.code /home/mxolisi/Documents/Codes/Python/marketplaceio/~/.vscode-root/CachedData/c13f1abb110fc756f9b3a6f16670df9cd9d4cf63/common-b830f40ff6acc1d530c395bab81bff0c.code /home/mxolisi/Documents/Codes/Python/marketplaceio/~/.vscode-root/CachedData/c13f1abb110fc756f9b3a6f16670df9cd9d4cf63/common-be9293a9bb7df3f86400d65bef2149bf.code /home/mxolisi/Documents/Codes/Python/marketplaceio/~/.vscode-root/CachedData/c13f1abb110fc756f9b3a6f16670df9cd9d4cf63/common-d4255390e23445d38a6a0ec38b8d80a3.code /home/mxolisi/Documents/Codes/Python/marketplaceio/~/.vscode-root/CachedData/c13f1abb110fc756f9b3a6f16670df9cd9d4cf63/common-d5791fbaf29474e2738400d128f3953d.code /home/mxolisi/Documents/Codes/Python/marketplaceio/~/.vscode-root/CachedData/c13f1abb110fc756f9b3a6f16670df9cd9d4cf63/common-fd3a916cd1c847af10a8ef739b87d3f7.code /home/mxolisi/Documents/Codes/Python/marketplaceio/~/.vscode-root/CachedData/c13f1abb110fc756f9b3a6f16670df9cd9d4cf63/compile-c15bced1ad01508ae284ff2db05931b8.code /home/mxolisi/Documents/Codes/Python/marketplaceio/~/.vscode-root/CachedData/c13f1abb110fc756f9b3a6f16670df9cd9d4cf63/configurationEditingMain-d9b57132219fe968d3b4ae14c787efe5.code /home/mxolisi/Documents/Codes/Python/marketplaceio/~/.vscode-root/CachedData/c13f1abb110fc756f9b3a6f16670df9cd9d4cf63/connection-62186cb2edea5fe72bddad61b72a454c.code /home/mxolisi/Documents/Codes/Python/marketplaceio/~/.vscode-root/CachedData/c13f1abb110fc756f9b3a6f16670df9cd9d4cf63/constants-500adef96062ba970cb358afe20bb102.code /home/mxolisi/Documents/Codes/Python/marketplaceio/~/.vscode-root/CachedData/c13f1abb110fc756f9b3a6f16670df9cd9d4cf63/constants-5c89a1a6034a541227bc0578fb273d63.code /home/mxolisi/Documents/Codes/Python/marketplaceio/~/.vscode-root/CachedData/c13f1abb110fc756f9b3a6f16670df9cd9d4cf63/constants-eb1c59fce9529c9258c862379b7f1e7d.code /home/mxolisi/Documents/Codes/Python/marketplaceio/~/.vscode-root/CachedData/c13f1abb110fc756f9b3a6f16670df9cd9d4cf63/constants-f2bbf9801e24c15b27938dc2e2d330ec.code /home/mxolisi/Documents/Codes/Python/marketplaceio/~/.vscode-root/CachedData/c13f1abb110fc756f9b3a6f16670df9cd9d4cf63/copy-256c3af92c7d5aa8a00613f3338bd6f7.code /home/mxolisi/Documents/Codes/Python/marketplaceio/~/.vscode-root/CachedData/c13f1abb110fc756f9b3a6f16670df9cd9d4cf63/copy-sync-6a705c35985791c6a21bfac37d4c8cf3.code /home/mxolisi/Documents/Codes/Python/marketplaceio/~/.vscode-root/CachedData/c13f1abb110fc756f9b3a6f16670df9cd9d4cf63/data-d4cf108983bb83ba7764ec11ed6d33a6.code /home/mxolisi/Documents/Codes/Python/marketplaceio/~/.vscode-root/CachedData/c13f1abb110fc756f9b3a6f16670df9cd9d4cf63/decorator-ac4930e4717100a350488c3d3c78c097.code /home/mxolisi/Documents/Codes/Python/marketplaceio/~/.vscode-root/CachedData/c13f1abb110fc756f9b3a6f16670df9cd9d4cf63/diff-match-patch-55e68475dbae727c9cb25fc0c06849c9.code /home/mxolisi/Documents/Codes/Python/marketplaceio/~/.vscode-root/CachedData/c13f1abb110fc756f9b3a6f16670df9cd9d4cf63/diff-match-patch-f4a76a56ea651751b12c02cf98ac5825.code /home/mxolisi/Documents/Codes/Python/marketplaceio/~/.vscode-root/CachedData/c13f1abb110fc756f9b3a6f16670df9cd9d4cf63/electron-84cb2f513a83607882b9af1000ee1805.code /home/mxolisi/Documents/Codes/Python/marketplaceio/~/.vscode-root/CachedData/c13f1abb110fc756f9b3a6f16670df9cd9d4cf63/emmetNodeMain-d5cf31a08a7fdd5e581aae080eeb8b3d.code /home/mxolisi/Documents/Codes/Python/marketplaceio/~/.vscode-root/CachedData/c13f1abb110fc756f9b3a6f16670df9cd9d4cf63/escape-html-8bc1d41acc5d0e64331c4f419e547605.code /home/mxolisi/Documents/Codes/Python/marketplaceio/~/.vscode-root/CachedData/c13f1abb110fc756f9b3a6f16670df9cd9d4cf63/eventEmitter2-53c009132222935d72faab61e5f08712.code /home/mxolisi/Documents/Codes/Python/marketplaceio/~/.vscode-root/CachedData/c13f1abb110fc756f9b3a6f16670df9cd9d4cf63/expand-77fe544b0fefcf349af2d83543302e1a.code /home/mxolisi/Documents/Codes/Python/marketplaceio/~/.vscode-root/CachedData/c13f1abb110fc756f9b3a6f16670df9cd9d4cf63/extension-149e5d16dad5095ba0a7559e8622aaad.code /home/mxolisi/Documents/Codes/Python/marketplaceio/~/.vscode-root/CachedData/c13f1abb110fc756f9b3a6f16670df9cd9d4cf63/extension-496dedf742c7a9d81b949d2179f32b34.code /home/mxolisi/Documents/Codes/Python/marketplaceio/~/.vscode-root/CachedData/c13f1abb110fc756f9b3a6f16670df9cd9d4cf63/extension-7023439fe53eff53977e82d9168ed39c.code /home/mxolisi/Documents/Codes/Python/marketplaceio/~/.vscode-root/CachedData/c13f1abb110fc756f9b3a6f16670df9cd9d4cf63/extension-823e53cff70286ce521959268378642f.code /home/mxolisi/Documents/Codes/Python/marketplaceio/~/.vscode-root/CachedData/c13f1abb110fc756f9b3a6f16670df9cd9d4cf63/extension-8c32550d27c84aa1601d8ef348e02fd1.code /home/mxolisi/Documents/Codes/Python/marketplaceio/~/.vscode-root/CachedData/c13f1abb110fc756f9b3a6f16670df9cd9d4cf63/extension-ab176515b132422a685fb8e9117d8011.code /home/mxolisi/Documents/Codes/Python/marketplaceio/~/.vscode-root/CachedData/c13f1abb110fc756f9b3a6f16670df9cd9d4cf63/extension-d39c63483b06d9f027e436a73cfddcdb.code /home/mxolisi/Documents/Codes/Python/marketplaceio/~/.vscode-root/CachedData/c13f1abb110fc756f9b3a6f16670df9cd9d4cf63/extension-e2008919e9db3bf127fe886dfdbbafa7.code /home/mxolisi/Documents/Codes/Python/marketplaceio/~/.vscode-root/CachedData/c13f1abb110fc756f9b3a6f16670df9cd9d4cf63/extension-e4db719c56459ebb45ea59e7f7d28dc1.code /home/mxolisi/Documents/Codes/Python/marketplaceio/~/.vscode-root/CachedData/c13f1abb110fc756f9b3a6f16670df9cd9d4cf63/extension-f83b844b2d7763905987369be3126e6c.code /home/mxolisi/Documents/Codes/Python/marketplaceio/~/.vscode-root/CachedData/c13f1abb110fc756f9b3a6f16670df9cd9d4cf63/extension.bundle-632005fb2f08dbc55044296754d7d9f1.code /home/mxolisi/Documents/Codes/Python/marketplaceio/~/.vscode-root/CachedData/c13f1abb110fc756f9b3a6f16670df9cd9d4cf63/extensionEditingMain-f5e1535a89f42909a7af301ed9c8de64.code /home/mxolisi/Documents/Codes/Python/marketplaceio/~/.vscode-root/CachedData/c13f1abb110fc756f9b3a6f16670df9cd9d4cf63/extensionHostProcess-ef825051cd4a1da119e9ed4969e58a7c.code /home/mxolisi/Documents/Codes/Python/marketplaceio/~/.vscode-root/CachedData/c13f1abb110fc756f9b3a6f16670df9cd9d4cf63/extensionHostProcess.nls-d32d7abcb70b798db74b955299ef18f9.code /home/mxolisi/Documents/Codes/Python/marketplaceio/~/.vscode-root/CachedData/c13f1abb110fc756f9b3a6f16670df9cd9d4cf63/file-c9834117692b2b66abdfa93069b4b68f.code /home/mxolisi/Documents/Codes/Python/marketplaceio/~/.vscode-root/CachedData/c13f1abb110fc756f9b3a6f16670df9cd9d4cf63/file-f942af4721753f817e446ac894dc6f53.code /home/mxolisi/Documents/Codes/Python/marketplaceio/~/.vscode-root/CachedData/c13f1abb110fc756f9b3a6f16670df9cd9d4cf63/fsevents-handler-2fc4579b20fb3d728cd7d18b740f1131.code /home/mxolisi/Documents/Codes/Python/marketplaceio/~/.vscode-root/CachedData/c13f1abb110fc756f9b3a6f16670df9cd9d4cf63/ftp-bbefc922047950ebfb4e50b1cf9da5a3.code /home/mxolisi/Documents/Codes/Python/marketplaceio/~/.vscode-root/CachedData/c13f1abb110fc756f9b3a6f16670df9cd9d4cf63/graceful-fs-0a5c5d04df3ad225033951fe42729770.code /home/mxolisi/Documents/Codes/Python/marketplaceio/~/.vscode-root/CachedData/c13f1abb110fc756f9b3a6f16670df9cd9d4cf63/graceful-fs-76814936b722dfb614e13b8df280a9f6.code /home/mxolisi/Documents/Codes/Python/marketplaceio/~/.vscode-root/CachedData/c13f1abb110fc756f9b3a6f16670df9cd9d4cf63/graceful-fs-c60eca491431d6771b21878e9e79223d.code /home/mxolisi/Documents/Codes/Python/marketplaceio/~/.vscode-root/CachedData/c13f1abb110fc756f9b3a6f16670df9cd9d4cf63/graceful-fs-d4a7a45fed65a5771df6a52565fc479e.code /home/mxolisi/Documents/Codes/Python/marketplaceio/~/.vscode-root/CachedData/c13f1abb110fc756f9b3a6f16670df9cd9d4cf63/helpers-3a6f4e6a1ee09c6c5fa2e1e007479493.code /home/mxolisi/Documents/Codes/Python/marketplaceio/~/.vscode-root/CachedData/c13f1abb110fc756f9b3a6f16670df9cd9d4cf63/helpers-8a37237faec0272b207f812bff4c3064.code /home/mxolisi/Documents/Codes/Python/marketplaceio/~/.vscode-root/CachedData/c13f1abb110fc756f9b3a6f16670df9cd9d4cf63/http-c12ca786f305879c872dd2d72c586352.code /home/mxolisi/Documents/Codes/Python/marketplaceio/~/.vscode-root/CachedData/c13f1abb110fc756f9b3a6f16670df9cd9d4cf63/http-error-4c5f7d8224034dde4e2477486f696779.code /home/mxolisi/Documents/Codes/Python/marketplaceio/~/.vscode-root/CachedData/c13f1abb110fc756f9b3a6f16670df9cd9d4cf63/https-1f923f7451e7f040e0d6447917fec35b.code /home/mxolisi/Documents/Codes/Python/marketplaceio/~/.vscode-root/CachedData/c13f1abb110fc756f9b3a6f16670df9cd9d4cf63/index-0608cc9950cdc071bf9b9b6ac11a4952.code /home/mxolisi/Documents/Codes/Python/marketplaceio/~/.vscode-root/CachedData/c13f1abb110fc756f9b3a6f16670df9cd9d4cf63/index-07e81f4f0528d726ed86736d20ab61bc.code /home/mxolisi/Documents/Codes/Python/marketplaceio/~/.vscode-root/CachedData/c13f1abb110fc756f9b3a6f16670df9cd9d4cf63/index-0e02d8c26a850e9bb18fcbb1009b1d96.code /home/mxolisi/Documents/Codes/Python/marketplaceio/~/.vscode-root/CachedData/c13f1abb110fc756f9b3a6f16670df9cd9d4cf63/index-15c2b3b6a803ec57f4bdae97f8905a66.code /home/mxolisi/Documents/Codes/Python/marketplaceio/~/.vscode-root/CachedData/c13f1abb110fc756f9b3a6f16670df9cd9d4cf63/index-1d2b1b4496b53a2f64a820edf19706af.code /home/mxolisi/Documents/Codes/Python/marketplaceio/~/.vscode-root/CachedData/c13f1abb110fc756f9b3a6f16670df9cd9d4cf63/index-2ce12d2884e12f704276b820921e6719.code /home/mxolisi/Documents/Codes/Python/marketplaceio/~/.vscode-root/CachedData/c13f1abb110fc756f9b3a6f16670df9cd9d4cf63/index-2ebd46d70c3e4e356254ff5504e54a60.code /home/mxolisi/Documents/Codes/Python/marketplaceio/~/.vscode-root/CachedData/c13f1abb110fc756f9b3a6f16670df9cd9d4cf63/index-30de0b9e14a7456f1404b082212585a1.code /home/mxolisi/Documents/Codes/Python/marketplaceio/~/.vscode-root/CachedData/c13f1abb110fc756f9b3a6f16670df9cd9d4cf63/index-3c2ee3bac26b12b0a312700682617b7b.code /home/mxolisi/Documents/Codes/Python/marketplaceio/~/.vscode-root/CachedData/c13f1abb110fc756f9b3a6f16670df9cd9d4cf63/index-3d0bd2b0aa1140170b329e74977eb6d5.code /home/mxolisi/Documents/Codes/Python/marketplaceio/~/.vscode-root/CachedData/c13f1abb110fc756f9b3a6f16670df9cd9d4cf63/index-3f96ae19e48386697462be167f518e23.code /home/mxolisi/Documents/Codes/Python/marketplaceio/~/.vscode-root/CachedData/c13f1abb110fc756f9b3a6f16670df9cd9d4cf63/index-47a177ed8046cc6b186b32369b6418c1.code /home/mxolisi/Documents/Codes/Python/marketplaceio/~/.vscode-root/CachedData/c13f1abb110fc756f9b3a6f16670df9cd9d4cf63/index-47c062efd4da85031defc0a7f9a4661e.code /home/mxolisi/Documents/Codes/Python/marketplaceio/~/.vscode-root/CachedData/c13f1abb110fc756f9b3a6f16670df9cd9d4cf63/index-4b35f4e207c025deebefb127125dfb0d.code /home/mxolisi/Documents/Codes/Python/marketplaceio/~/.vscode-root/CachedData/c13f1abb110fc756f9b3a6f16670df9cd9d4cf63/index-4b4dc5b50ecc8b49711d4c6492946938.code /home/mxolisi/Documents/Codes/Python/marketplaceio/~/.vscode-root/CachedData/c13f1abb110fc756f9b3a6f16670df9cd9d4cf63/index-4be7b4487bd02c2c8eb0712910ce22a0.code /home/mxolisi/Documents/Codes/Python/marketplaceio/~/.vscode-root/CachedData/c13f1abb110fc756f9b3a6f16670df9cd9d4cf63/index-550becd03072d5e7eb3bffda779109a2.code /home/mxolisi/Documents/Codes/Python/marketplaceio/~/.vscode-root/CachedData/c13f1abb110fc756f9b3a6f16670df9cd9d4cf63/index-5579c1b7e0effc0cf751c95693bdfee4.code /home/mxolisi/Documents/Codes/Python/marketplaceio/~/.vscode-root/CachedData/c13f1abb110fc756f9b3a6f16670df9cd9d4cf63/index-581bd329ea84c9f15ed26bbfb2beac1a.code /home/mxolisi/Documents/Codes/Python/marketplaceio/~/.vscode-root/CachedData/c13f1abb110fc756f9b3a6f16670df9cd9d4cf63/index-5870d6e50b85a2697a0674c9d46b780c.code /home/mxolisi/Documents/Codes/Python/marketplaceio/~/.vscode-root/CachedData/c13f1abb110fc756f9b3a6f16670df9cd9d4cf63/index-5946bcddf6b6b5454e7b8af4a85f0396.code /home/mxolisi/Documents/Codes/Python/marketplaceio/~/.vscode-root/CachedData/c13f1abb110fc756f9b3a6f16670df9cd9d4cf63/index-5add192c5a89dac74bfc8e57d3277773.code /home/mxolisi/Documents/Codes/Python/marketplaceio/~/.vscode-root/CachedData/c13f1abb110fc756f9b3a6f16670df9cd9d4cf63/index-5c9a23a46856dfece2d26f270b8035b6.code /home/mxolisi/Documents/Codes/Python/marketplaceio/~/.vscode-root/CachedData/c13f1abb110fc756f9b3a6f16670df9cd9d4cf63/index-6d26097ed94dc49489a4297cdd771b12.code /home/mxolisi/Documents/Codes/Python/marketplaceio/~/.vscode-root/CachedData/c13f1abb110fc756f9b3a6f16670df9cd9d4cf63/index-71f0eea6174808faffcd016c75eaa671.code /home/mxolisi/Documents/Codes/Python/marketplaceio/~/.vscode-root/CachedData/c13f1abb110fc756f9b3a6f16670df9cd9d4cf63/index-732d373245fc69ab1e741891a6b98478.code /home/mxolisi/Documents/Codes/Python/marketplaceio/~/.vscode-root/CachedData/c13f1abb110fc756f9b3a6f16670df9cd9d4cf63/index-73f1e17815c51c3d5065d6716a87cb7a.code /home/mxolisi/Documents/Codes/Python/marketplaceio/~/.vscode-root/CachedData/c13f1abb110fc756f9b3a6f16670df9cd9d4cf63/index-746859274469795a012f65c01c1f7d53.code /home/mxolisi/Documents/Codes/Python/marketplaceio/~/.vscode-root/CachedData/c13f1abb110fc756f9b3a6f16670df9cd9d4cf63/index-74860a1e25e2ce97da0f6733c3859500.code /home/mxolisi/Documents/Codes/Python/marketplaceio/~/.vscode-root/CachedData/c13f1abb110fc756f9b3a6f16670df9cd9d4cf63/index-7716dac2c12c5f79d950388e70a06651.code /home/mxolisi/Documents/Codes/Python/marketplaceio/~/.vscode-root/CachedData/c13f1abb110fc756f9b3a6f16670df9cd9d4cf63/index-7a5793d8cbdc8b025332203fd9bb873d.code /home/mxolisi/Documents/Codes/Python/marketplaceio/~/.vscode-root/CachedData/c13f1abb110fc756f9b3a6f16670df9cd9d4cf63/index-7ac5f4f95f2a2d9f91ad6ce52e029a15.code /home/mxolisi/Documents/Codes/Python/marketplaceio/~/.vscode-root/CachedData/c13f1abb110fc756f9b3a6f16670df9cd9d4cf63/index-844de18cf3bfc3bae907e3889bab7656.code /home/mxolisi/Documents/Codes/Python/marketplaceio/~/.vscode-root/CachedData/c13f1abb110fc756f9b3a6f16670df9cd9d4cf63/index-8497023b19ea82e3a030fb6309d348c5.code /home/mxolisi/Documents/Codes/Python/marketplaceio/~/.vscode-root/CachedData/c13f1abb110fc756f9b3a6f16670df9cd9d4cf63/index-84a587a43cf9900a6ee9dd2137ace9e8.code /home/mxolisi/Documents/Codes/Python/marketplaceio/~/.vscode-root/CachedData/c13f1abb110fc756f9b3a6f16670df9cd9d4cf63/index-87b633da8e437f02a175a67cffbc11c3.code /home/mxolisi/Documents/Codes/Python/marketplaceio/~/.vscode-root/CachedData/c13f1abb110fc756f9b3a6f16670df9cd9d4cf63/index-87f49a13aa1e4468e1a084edc664612b.code /home/mxolisi/Documents/Codes/Python/marketplaceio/~/.vscode-root/CachedData/c13f1abb110fc756f9b3a6f16670df9cd9d4cf63/index-8a319767bbeb63be8513c2164896d366.code /home/mxolisi/Documents/Codes/Python/marketplaceio/~/.vscode-root/CachedData/c13f1abb110fc756f9b3a6f16670df9cd9d4cf63/index-8dcbbd661be27cc5eb06c217eca13f7c.code /home/mxolisi/Documents/Codes/Python/marketplaceio/~/.vscode-root/CachedData/c13f1abb110fc756f9b3a6f16670df9cd9d4cf63/index-962ba263b1b153ab01700ebe45ab2cc3.code /home/mxolisi/Documents/Codes/Python/marketplaceio/~/.vscode-root/CachedData/c13f1abb110fc756f9b3a6f16670df9cd9d4cf63/index-9930e82b9c84f180512335a5f40ff83a.code /home/mxolisi/Documents/Codes/Python/marketplaceio/~/.vscode-root/CachedData/c13f1abb110fc756f9b3a6f16670df9cd9d4cf63/index-99baf1e33d980b7ea035fff3e31cc1b8.code /home/mxolisi/Documents/Codes/Python/marketplaceio/~/.vscode-root/CachedData/c13f1abb110fc756f9b3a6f16670df9cd9d4cf63/index-9ca9867fcba17d9d393b52b90137f0a7.code /home/mxolisi/Documents/Codes/Python/marketplaceio/~/.vscode-root/CachedData/c13f1abb110fc756f9b3a6f16670df9cd9d4cf63/index-a6c9d9685e38593cf2c1a3b72dfec5db.code /home/mxolisi/Documents/Codes/Python/marketplaceio/~/.vscode-root/CachedData/c13f1abb110fc756f9b3a6f16670df9cd9d4cf63/index-a8707ab8f9a6e8fff18a9cd00f9ab8a5.code /home/mxolisi/Documents/Codes/Python/marketplaceio/~/.vscode-root/CachedData/c13f1abb110fc756f9b3a6f16670df9cd9d4cf63/index-af7dbe42572acdfad37e4ce036a15e11.code /home/mxolisi/Documents/Codes/Python/marketplaceio/~/.vscode-root/CachedData/c13f1abb110fc756f9b3a6f16670df9cd9d4cf63/index-b1f03e8bd8f10f71843a5dc48926d65f.code /home/mxolisi/Documents/Codes/Python/marketplaceio/~/.vscode-root/CachedData/c13f1abb110fc756f9b3a6f16670df9cd9d4cf63/index-b251a4f0f3b5f89acec80ddd29531282.code /home/mxolisi/Documents/Codes/Python/marketplaceio/~/.vscode-root/CachedData/c13f1abb110fc756f9b3a6f16670df9cd9d4cf63/index-b4b64107742621edf09ae63c84343f2d.code /home/mxolisi/Documents/Codes/Python/marketplaceio/~/.vscode-root/CachedData/c13f1abb110fc756f9b3a6f16670df9cd9d4cf63/index-b55b450ae21b897ec4e40e2e845c9063.code /home/mxolisi/Documents/Codes/Python/marketplaceio/~/.vscode-root/CachedData/c13f1abb110fc756f9b3a6f16670df9cd9d4cf63/index-b7e175cfeb72d04e3796243d7d6909d6.code /home/mxolisi/Documents/Codes/Python/marketplaceio/~/.vscode-root/CachedData/c13f1abb110fc756f9b3a6f16670df9cd9d4cf63/index-bdc3704c04b70f5636df1d74b0f31ff9.code /home/mxolisi/Documents/Codes/Python/marketplaceio/~/.vscode-root/CachedData/c13f1abb110fc756f9b3a6f16670df9cd9d4cf63/index-bfe55830c133275b2d889f67a1c6b651.code /home/mxolisi/Documents/Codes/Python/marketplaceio/~/.vscode-root/CachedData/c13f1abb110fc756f9b3a6f16670df9cd9d4cf63/index-c217ab61567f71ad54f4f371bdc25b8d.code /home/mxolisi/Documents/Codes/Python/marketplaceio/~/.vscode-root/CachedData/c13f1abb110fc756f9b3a6f16670df9cd9d4cf63/index-c8a39c3bc9b647c0150b9753b221bed0.code
> git add -A -- /home/mxolisi/Documents/Codes/Python/marketplaceio/~/.vscode-root/CachedData/c13f1abb110fc756f9b3a6f16670df9cd9d4cf63/index-dd762c859f44d982397e7fd99179245c.code /home/mxolisi/Documents/Codes/Python/marketplaceio/~/.vscode-root/CachedData/c13f1abb110fc756f9b3a6f16670df9cd9d4cf63/index-df0d7d7e1e2a5ead18e4b7c657dac6ca.code /home/mxolisi/Documents/Codes/Python/marketplaceio/~/.vscode-root/CachedData/c13f1abb110fc756f9b3a6f16670df9cd9d4cf63/index-e1dfb17ff738508c37f469f316be54fb.code /home/mxolisi/Documents/Codes/Python/marketplaceio/~/.vscode-root/CachedData/c13f1abb110fc756f9b3a6f16670df9cd9d4cf63/index-e4a7347e42f730eb6d3d41970336a426.code /home/mxolisi/Documents/Codes/Python/marketplaceio/~/.vscode-root/CachedData/c13f1abb110fc756f9b3a6f16670df9cd9d4cf63/index-e55289c0fe4f45a96958aecded7f895e.code /home/mxolisi/Documents/Codes/Python/marketplaceio/~/.vscode-root/CachedData/c13f1abb110fc756f9b3a6f16670df9cd9d4cf63/index-ebfb922df27c5941ddd66ce845107045.code /home/mxolisi/Documents/Codes/Python/marketplaceio/~/.vscode-root/CachedData/c13f1abb110fc756f9b3a6f16670df9cd9d4cf63/index-f290192baa411bbb7934dfc02a2fa524.code /home/mxolisi/Documents/Codes/Python/marketplaceio/~/.vscode-root/CachedData/c13f1abb110fc756f9b3a6f16670df9cd9d4cf63/index-f451b9cf8b851c1122b1190c2ac11bc5.code /home/mxolisi/Documents/Codes/Python/marketplaceio/~/.vscode-root/CachedData/c13f1abb110fc756f9b3a6f16670df9cd9d4cf63/index-fc0dec18b50f22b9ead8ab312c4520aa.code /home/mxolisi/Documents/Codes/Python/marketplaceio/~/.vscode-root/CachedData/c13f1abb110fc756f9b3a6f16670df9cd9d4cf63/index-feed2f3554d591e1f7ee5b7298d09eff.code /home/mxolisi/Documents/Codes/Python/marketplaceio/~/.vscode-root/CachedData/c13f1abb110fc756f9b3a6f16670df9cd9d4cf63/ip-d9517c4639eab4d713d05a0f3acdffeb.code /home/mxolisi/Documents/Codes/Python/marketplaceio/~/.vscode-root/CachedData/c13f1abb110fc756f9b3a6f16670df9cd9d4cf63/is-67ad71b8cd82cff760ba45049ee79523.code /home/mxolisi/Documents/Codes/Python/marketplaceio/~/.vscode-root/CachedData/c13f1abb110fc756f9b3a6f16670df9cd9d4cf63/is-a43198fe5e17f01868cfff10b7b1c56c.code /home/mxolisi/Documents/Codes/Python/marketplaceio/~/.vscode-root/CachedData/c13f1abb110fc756f9b3a6f16670df9cd9d4cf63/jsonClientMain-48144e55cae586fbf789d6372dc28b98.code /home/mxolisi/Documents/Codes/Python/marketplaceio/~/.vscode-root/CachedData/c13f1abb110fc756f9b3a6f16670df9cd9d4cf63/jsonfile-c3bd5ef9ed83a8afbd09c0c8a2b11b36.code /home/mxolisi/Documents/Codes/Python/marketplaceio/~/.vscode-root/CachedData/c13f1abb110fc756f9b3a6f16670df9cd9d4cf63/keytar-1ced4ce86075904627a64595192a4545.code /home/mxolisi/Documents/Codes/Python/marketplaceio/~/.vscode-root/CachedData/c13f1abb110fc756f9b3a6f16670df9cd9d4cf63/legacy-streams-0e353572a2053628c183d9f8275b2ec0.code /home/mxolisi/Documents/Codes/Python/marketplaceio/~/.vscode-root/CachedData/c13f1abb110fc756f9b3a6f16670df9cd9d4cf63/legacy-streams-14e6dc645b43866c933f943ad7aa225c.code /home/mxolisi/Documents/Codes/Python/marketplaceio/~/.vscode-root/CachedData/c13f1abb110fc756f9b3a6f16670df9cd9d4cf63/legacy-streams-6d08ef251a74f9e302ae720e42ba823a.code /home/mxolisi/Documents/Codes/Python/marketplaceio/~/.vscode-root/CachedData/c13f1abb110fc756f9b3a6f16670df9cd9d4cf63/legacy-streams-a7ec43019e03a3a730c645ae46c75468.code /home/mxolisi/Documents/Codes/Python/marketplaceio/~/.vscode-root/CachedData/c13f1abb110fc756f9b3a6f16670df9cd9d4cf63/link-4925e0f0becfd55d149659370ff93822.code /home/mxolisi/Documents/Codes/Python/marketplaceio/~/.vscode-root/CachedData/c13f1abb110fc756f9b3a6f16670df9cd9d4cf63/main-4a4b568cd5db85c9609675e5f55d026f.code /home/mxolisi/Documents/Codes/Python/marketplaceio/~/.vscode-root/CachedData/c13f1abb110fc756f9b3a6f16670df9cd9d4cf63/main-99e6278488625ff34d1800b284f175ab.code /home/mxolisi/Documents/Codes/Python/marketplaceio/~/.vscode-root/CachedData/c13f1abb110fc756f9b3a6f16670df9cd9d4cf63/main-b1732b24c2a399b2ae233391fceef6c0.code /home/mxolisi/Documents/Codes/Python/marketplaceio/~/.vscode-root/CachedData/c13f1abb110fc756f9b3a6f16670df9cd9d4cf63/main-be66abad53b5befc8d368aa1071adcd1.code /home/mxolisi/Documents/Codes/Python/marketplaceio/~/.vscode-root/CachedData/c13f1abb110fc756f9b3a6f16670df9cd9d4cf63/main.nls-d9b00c5ecb8743a493ad393484bf2b70.code /home/mxolisi/Documents/Codes/Python/marketplaceio/~/.vscode-root/CachedData/c13f1abb110fc756f9b3a6f16670df9cd9d4cf63/mergeConflictMain-c4c41a751af762f365c76327aa4a99e0.code /home/mxolisi/Documents/Codes/Python/marketplaceio/~/.vscode-root/CachedData/c13f1abb110fc756f9b3a6f16670df9cd9d4cf63/messageReader-80060c05eb3b308ab78dbb9eb3fd5eeb.code /home/mxolisi/Documents/Codes/Python/marketplaceio/~/.vscode-root/CachedData/c13f1abb110fc756f9b3a6f16670df9cd9d4cf63/messageWriter-76c9a529b4afb2e3f67d70284cbfd59e.code /home/mxolisi/Documents/Codes/Python/marketplaceio/~/.vscode-root/CachedData/c13f1abb110fc756f9b3a6f16670df9cd9d4cf63/messages-232c2425dace9c31cc3f10b6fc56bceb.code /home/mxolisi/Documents/Codes/Python/marketplaceio/~/.vscode-root/CachedData/c13f1abb110fc756f9b3a6f16670df9cd9d4cf63/misc-c5a2420cdc2d933985fcb29342427e0c.code /home/mxolisi/Documents/Codes/Python/marketplaceio/~/.vscode-root/CachedData/c13f1abb110fc756f9b3a6f16670df9cd9d4cf63/mkdirs-a2fdd6d6bc20b1e81a678396238b4d6a.code /home/mxolisi/Documents/Codes/Python/marketplaceio/~/.vscode-root/CachedData/c13f1abb110fc756f9b3a6f16670df9cd9d4cf63/mkdirs-sync-3b4faf95b20ed96422fb0dfcd81bdd95.code /home/mxolisi/Documents/Codes/Python/marketplaceio/~/.vscode-root/CachedData/c13f1abb110fc756f9b3a6f16670df9cd9d4cf63/move-d6d3b104634b58bb5d1be1838ae83264.code /home/mxolisi/Documents/Codes/Python/marketplaceio/~/.vscode-root/CachedData/c13f1abb110fc756f9b3a6f16670df9cd9d4cf63/move-sync-cb81e8a3fd31dad003feff219445c0ef.code /home/mxolisi/Documents/Codes/Python/marketplaceio/~/.vscode-root/CachedData/c13f1abb110fc756f9b3a6f16670df9cd9d4cf63/msg-18927d48b0cd2807e89d6796a7c2fd78.code /home/mxolisi/Documents/Codes/Python/marketplaceio/~/.vscode-root/CachedData/c13f1abb110fc756f9b3a6f16670df9cd9d4cf63/node-1ddfe43088b60193e2761dd2b1b24be3.code /home/mxolisi/Documents/Codes/Python/marketplaceio/~/.vscode-root/CachedData/c13f1abb110fc756f9b3a6f16670df9cd9d4cf63/node-36e6214444e0c092d352191564456204.code /home/mxolisi/Documents/Codes/Python/marketplaceio/~/.vscode-root/CachedData/c13f1abb110fc756f9b3a6f16670df9cd9d4cf63/node-56355c537a8b3847df823f32d0ff1eab.code /home/mxolisi/Documents/Codes/Python/marketplaceio/~/.vscode-root/CachedData/c13f1abb110fc756f9b3a6f16670df9cd9d4cf63/node-8c65e10bc691d96eb4f5ddaf2fe97c32.code /home/mxolisi/Documents/Codes/Python/marketplaceio/~/.vscode-root/CachedData/c13f1abb110fc756f9b3a6f16670df9cd9d4cf63/node-8f73b5d8402ef8a7f23d8a685d871048.code /home/mxolisi/Documents/Codes/Python/marketplaceio/~/.vscode-root/CachedData/c13f1abb110fc756f9b3a6f16670df9cd9d4cf63/node-de970d108eec73041ba2021ecbd39999.code /home/mxolisi/Documents/Codes/Python/marketplaceio/~/.vscode-root/CachedData/c13f1abb110fc756f9b3a6f16670df9cd9d4cf63/node-e1b123ce0d760887cd09a17b3bb06f9c.code /home/mxolisi/Documents/Codes/Python/marketplaceio/~/.vscode-root/CachedData/c13f1abb110fc756f9b3a6f16670df9cd9d4cf63/nodefs-handler-f6d5265aa145c04b0235f5d8d0589ecc.code /home/mxolisi/Documents/Codes/Python/marketplaceio/~/.vscode-root/CachedData/c13f1abb110fc756f9b3a6f16670df9cd9d4cf63/notfound-a3524de5fbc411978e77b1826de1b008.code /home/mxolisi/Documents/Codes/Python/marketplaceio/~/.vscode-root/CachedData/c13f1abb110fc756f9b3a6f16670df9cd9d4cf63/notmodified-1b5b48d939d81bee88969c0853422e04.code /home/mxolisi/Documents/Codes/Python/marketplaceio/~/.vscode-root/CachedData/c13f1abb110fc756f9b3a6f16670df9cd9d4cf63/npmMain-fc601601826dfd6c524845050d510bc6.code /home/mxolisi/Documents/Codes/Python/marketplaceio/~/.vscode-root/CachedData/c13f1abb110fc756f9b3a6f16670df9cd9d4cf63/output-json-08cdbea03f9ba7db32e7127af8fc3307.code /home/mxolisi/Documents/Codes/Python/marketplaceio/~/.vscode-root/CachedData/c13f1abb110fc756f9b3a6f16670df9cd9d4cf63/output-json-sync-94f35d34ec128f7960b0aaa11accde36.code /home/mxolisi/Documents/Codes/Python/marketplaceio/~/.vscode-root/CachedData/c13f1abb110fc756f9b3a6f16670df9cd9d4cf63/parse-44e4ebf489a0120f6710e6689391996f.code /home/mxolisi/Documents/Codes/Python/marketplaceio/~/.vscode-root/CachedData/c13f1abb110fc756f9b3a6f16670df9cd9d4cf63/parse-84667ea1a6ca799cd05aef9523b34215.code /home/mxolisi/Documents/Codes/Python/marketplaceio/~/.vscode-root/CachedData/c13f1abb110fc756f9b3a6f16670df9cd9d4cf63/parse-proxy-response-d63ff733cbfd8bf740af410d422b5767.code /home/mxolisi/Documents/Codes/Python/marketplaceio/~/.vscode-root/CachedData/c13f1abb110fc756f9b3a6f16670df9cd9d4cf63/parser-0d846ee9a2034145076fd45a2269084a.code /home/mxolisi/Documents/Codes/Python/marketplaceio/~/.vscode-root/CachedData/c13f1abb110fc756f9b3a6f16670df9cd9d4cf63/picomatch-a06b413006ff73b42d8c1583a724a838.code /home/mxolisi/Documents/Codes/Python/marketplaceio/~/.vscode-root/CachedData/c13f1abb110fc756f9b3a6f16670df9cd9d4cf63/polyfills-531b17c696ae8aa2baf45a25515220a7.code /home/mxolisi/Documents/Codes/Python/marketplaceio/~/.vscode-root/CachedData/c13f1abb110fc756f9b3a6f16670df9cd9d4cf63/polyfills-705bbf95d468c5f6c7810f451f1fffb6.code /home/mxolisi/Documents/Codes/Python/marketplaceio/~/.vscode-root/CachedData/c13f1abb110fc756f9b3a6f16670df9cd9d4cf63/polyfills-def411e0c28ea6d46d0eaa99f78e93bd.code /home/mxolisi/Documents/Codes/Python/marketplaceio/~/.vscode-root/CachedData/c13f1abb110fc756f9b3a6f16670df9cd9d4cf63/polyfills-f4f023c44017f8262929b21a50e89092.code /home/mxolisi/Documents/Codes/Python/marketplaceio/~/.vscode-root/CachedData/c13f1abb110fc756f9b3a6f16670df9cd9d4cf63/processes-a210fe70f232baaa20fcd56cff7cb1e6.code /home/mxolisi/Documents/Codes/Python/marketplaceio/~/.vscode-root/CachedData/c13f1abb110fc756f9b3a6f16670df9cd9d4cf63/promisify-86a4296fd358a67983b5fe001051a41c.code /home/mxolisi/Documents/Codes/Python/marketplaceio/~/.vscode-root/CachedData/c13f1abb110fc756f9b3a6f16670df9cd9d4cf63/promisify-cf79519b35ad33217d7e199f5b218f18.code /home/mxolisi/Documents/Codes/Python/marketplaceio/~/.vscode-root/CachedData/c13f1abb110fc756f9b3a6f16670df9cd9d4cf63/promisify-d1a8695eed1122ce8e838e7179cb7a64.code /home/mxolisi/Documents/Codes/Python/marketplaceio/~/.vscode-root/CachedData/c13f1abb110fc756f9b3a6f16670df9cd9d4cf63/promisify-d8e64299f9d286d2919b71eff6da15e1.code /home/mxolisi/Documents/Codes/Python/marketplaceio/~/.vscode-root/CachedData/c13f1abb110fc756f9b3a6f16670df9cd9d4cf63/protocol-7d6e9ee14d98b8b677144f117fe02b8b.code /home/mxolisi/Documents/Codes/Python/marketplaceio/~/.vscode-root/CachedData/c13f1abb110fc756f9b3a6f16670df9cd9d4cf63/protocolCodeLens-51459da719153c66203f3282743c30af.code /home/mxolisi/Documents/Codes/Python/marketplaceio/~/.vscode-root/CachedData/c13f1abb110fc756f9b3a6f16670df9cd9d4cf63/protocolCompletionItem-03d52f6e4c18921520a3ab44023ce71a.code /home/mxolisi/Documents/Codes/Python/marketplaceio/~/.vscode-root/CachedData/c13f1abb110fc756f9b3a6f16670df9cd9d4cf63/protocolConverter-caa5d5af28a46cfb2496fb6cba5d9ffb.code /home/mxolisi/Documents/Codes/Python/marketplaceio/~/.vscode-root/CachedData/c13f1abb110fc756f9b3a6f16670df9cd9d4cf63/pty-b9671ff33463bde1a60e509c59f5e842.code /home/mxolisi/Documents/Codes/Python/marketplaceio/~/.vscode-root/CachedData/c13f1abb110fc756f9b3a6f16670df9cd9d4cf63/ptyHostMain-12b0ef82a27cc3b955d5c4c76e52fd70.code /home/mxolisi/Documents/Codes/Python/marketplaceio/~/.vscode-root/CachedData/c13f1abb110fc756f9b3a6f16670df9cd9d4cf63/ptyHostMain.nls-7376f89b8df9ca3d4732a1fc38194fee.code /home/mxolisi/Documents/Codes/Python/marketplaceio/~/.vscode-root/CachedData/c13f1abb110fc756f9b3a6f16670df9cd9d4cf63/pyright.bundle-eeee59544219880b8eccc776eb249676.code /home/mxolisi/Documents/Codes/Python/marketplaceio/~/.vscode-root/CachedData/c13f1abb110fc756f9b3a6f16670df9cd9d4cf63/pythonMain-13733ce8dfc509626b8fa26c0cd24312.code /home/mxolisi/Documents/Codes/Python/marketplaceio/~/.vscode-root/CachedData/c13f1abb110fc756f9b3a6f16670df9cd9d4cf63/receivebuffer-b94f38e185a754e501192b4e7da446e4.code /home/mxolisi/Documents/Codes/Python/marketplaceio/~/.vscode-root/CachedData/c13f1abb110fc756f9b3a6f16670df9cd9d4cf63/request-37af5904cfa595e71d0649d29a6e2bf4.code /home/mxolisi/Documents/Codes/Python/marketplaceio/~/.vscode-root/CachedData/c13f1abb110fc756f9b3a6f16670df9cd9d4cf63/rimraf-e2003732149329ce76ba0cbef52f891f.code /home/mxolisi/Documents/Codes/Python/marketplaceio/~/.vscode-root/CachedData/c13f1abb110fc756f9b3a6f16670df9cd9d4cf63/scan-b306913e5cf69aadfbe9e1f2632ef702.code /home/mxolisi/Documents/Codes/Python/marketplaceio/~/.vscode-root/CachedData/c13f1abb110fc756f9b3a6f16670df9cd9d4cf63/smartbuffer-12a4d85f1180987ab8c9ab493641555c.code /home/mxolisi/Documents/Codes/Python/marketplaceio/~/.vscode-root/CachedData/c13f1abb110fc756f9b3a6f16670df9cd9d4cf63/socksclient-597f8b0d2adf81e65d3a743a7d33425b.code /home/mxolisi/Documents/Codes/Python/marketplaceio/~/.vscode-root/CachedData/c13f1abb110fc756f9b3a6f16670df9cd9d4cf63/sqlite3-4290c7b15d653bb773b0b279f889e57a.code /home/mxolisi/Documents/Codes/Python/marketplaceio/~/.vscode-root/CachedData/c13f1abb110fc756f9b3a6f16670df9cd9d4cf63/stat-12e078ab3c469c74074bd2afaf612911.code /home/mxolisi/Documents/Codes/Python/marketplaceio/~/.vscode-root/CachedData/c13f1abb110fc756f9b3a6f16670df9cd9d4cf63/stringify-58c557f7cb6f2ab119f1fe32f6ac48be.code /home/mxolisi/Documents/Codes/Python/marketplaceio/~/.vscode-root/CachedData/c13f1abb110fc756f9b3a6f16670df9cd9d4cf63/symlink-44a30908d9ebec56279a6d8b4e057d03.code /home/mxolisi/Documents/Codes/Python/marketplaceio/~/.vscode-root/CachedData/c13f1abb110fc756f9b3a6f16670df9cd9d4cf63/symlink-paths-2b1d186c7da8c249df6d8238749c4cee.code /home/mxolisi/Documents/Codes/Python/marketplaceio/~/.vscode-root/CachedData/c13f1abb110fc756f9b3a6f16670df9cd9d4cf63/symlink-type-2ecd9fb95e8976af7d847171adb4790d.code /home/mxolisi/Documents/Codes/Python/marketplaceio/~/.vscode-root/CachedData/c13f1abb110fc756f9b3a6f16670df9cd9d4cf63/terminal-e0760d1a4f290df87e1f40b267156b7f.code /home/mxolisi/Documents/Codes/Python/marketplaceio/~/.vscode-root/CachedData/c13f1abb110fc756f9b3a6f16670df9cd9d4cf63/unixTerminal-6cb2f4b47f84cddd85e816b080f0a037.code /home/mxolisi/Documents/Codes/Python/marketplaceio/~/.vscode-root/CachedData/c13f1abb110fc756f9b3a6f16670df9cd9d4cf63/util-5aed4dfce2c501c2f77d7f2828241ab0.code /home/mxolisi/Documents/Codes/Python/marketplaceio/~/.vscode-root/CachedData/c13f1abb110fc756f9b3a6f16670df9cd9d4cf63/utils-8224f2536c163780be42d5b44445bd7c.code /home/mxolisi/Documents/Codes/Python/marketplaceio/~/.vscode-root/CachedData/c13f1abb110fc756f9b3a6f16670df9cd9d4cf63/utils-866496e82bbf75167f09eaf9f4f8f4bf.code /home/mxolisi/Documents/Codes/Python/marketplaceio/~/.vscode-root/CachedData/c13f1abb110fc756f9b3a6f16670df9cd9d4cf63/utils-8da1936f01680462340e7a6e93b1f316.code /home/mxolisi/Documents/Codes/Python/marketplaceio/~/.vscode-root/CachedData/c13f1abb110fc756f9b3a6f16670df9cd9d4cf63/utils-d1ea17707b531f38ab73b30572e80c50.code /home/mxolisi/Documents/Codes/Python/marketplaceio/~/.vscode-root/CachedData/c13f1abb110fc756f9b3a6f16670df9cd9d4cf63/utimes-9af3912e199ad2d3967989dc9471e1dc.code /home/mxolisi/Documents/Codes/Python/marketplaceio/~/.vscode-root/CachedData/c13f1abb110fc756f9b3a6f16670df9cd9d4cf63/vendor.bundle-b933841f956a992b56a35b81d5cc76b1.code /home/mxolisi/Documents/Codes/Python/marketplaceio/~/.vscode-root/CachedData/c13f1abb110fc756f9b3a6f16670df9cd9d4cf63/watcherApp-af097ee97a7233d1340e7aab05c67a52.code /home/mxolisi/Documents/Codes/Python/marketplaceio/~/.vscode-root/CachedData/c13f1abb110fc756f9b3a6f16670df9cd9d4cf63/watcherApp.nls-95fcb6bd77dd863162b280e76dc8865a.code /home/mxolisi/Documents/Codes/Python/marketplaceio/~/.vscode-root/CachedData/c13f1abb110fc756f9b3a6f16670df9cd9d4cf63/win32-dce219ab0f38464465b1bd4d8e5886b8.code /home/mxolisi/Documents/Codes/Python/marketplaceio/~/.vscode-root/CachedData/c13f1abb110fc756f9b3a6f16670df9cd9d4cf63/xregexp-all-eece30bf3cb92a8bc0707ffb37b34940.code /home/mxolisi/Documents/Codes/Python/marketplaceio/~/.vscode-root/CachedData/c13f1abb110fc756f9b3a6f16670df9cd9d4cf63/xterm-addon-unicode11-c869afeb0aa02b2a6b53a5549303275d.code /home/mxolisi/Documents/Codes/Python/marketplaceio/~/.vscode-root/CachedData/c13f1abb110fc756f9b3a6f16670df9cd9d4cf63/xterm-headless-0848b93653ce70d43255f4d381e9f1c0.code /home/mxolisi/Documents/Codes/Python/marketplaceio/~/.vscode-root/CachedExtensionVSIXs/ms-python.python-2021.10.1336267007 /home/mxolisi/Documents/Codes/Python/marketplaceio/~/.vscode-root/CachedExtensionVSIXs/ms-python.vscode-pylance-2021.10.1 /home/mxolisi/Documents/Codes/Python/marketplaceio/~/.vscode-root/CachedExtensionVSIXs/ms-toolsai.jupyter-2021.9.1101343141 /home/mxolisi/Documents/Codes/Python/marketplaceio/~/.vscode-root/CachedExtensionVSIXs/tabnine.tabnine-vscode-3.4.30 /home/mxolisi/Documents/Codes/Python/marketplaceio/~/.vscode-root/Service Worker/ScriptCache/f1cdccba37924bda_0 /home/mxolisi/Documents/Codes/Python/marketplaceio/~/.vscode-root/Service Worker/ScriptCache/f1cdccba37924bda_1 /home/mxolisi/Documents/Codes/Python/marketplaceio/~/.vscode-root/User/globalStorage/tabnine.tabnine-vscode/binaries/.active /home/mxolisi/Documents/Codes/Python/marketplaceio/~/.vscode-root/User/globalStorage/tabnine.tabnine-vscode/binaries/3.7.12/x86_64-unknown-linux-musl/TabNine /home/mxolisi/Documents/Codes/Python/marketplaceio/~/.vscode-root/User/globalStorage/tabnine.tabnine-vscode/binaries/3.7.12/x86_64-unknown-linux-musl/TabNine-deep-cloud /home/mxolisi/Documents/Codes/Python/marketplaceio/~/.vscode-root/User/globalStorage/tabnine.tabnine-vscode/binaries/3.7.12/x86_64-unknown-linux-musl/TabNine-deep-local /home/mxolisi/Documents/Codes/Python/marketplaceio/~/.vscode-root/User/globalStorage/tabnine.tabnine-vscode/binaries/3.7.12/x86_64-unknown-linux-musl/WD-TabNine /home/mxolisi/Documents/Codes/Python/marketplaceio/~/.vscode-root/User/globalStorage/tabnine.tabnine-vscode/binaries/3.7.12/x86_64-unknown-linux-musl/bundle.lock /home/mxolisi/Documents/Codes/Python/marketplaceio/~/.vscode-root/User/globalStorage/tabnine.tabnine-vscode/binaries/3.7.17/x86_64-unknown-linux-musl/TabNine /home/mxolisi/Documents/Codes/Python/marketplaceio/~/.vscode-root/User/globalStorage/tabnine.tabnine-vscode/binaries/3.7.17/x86_64-unknown-linux-musl/TabNine-deep-cloud /home/mxolisi/Documents/Codes/Python/marketplaceio/~/.vscode-root/User/globalStorage/tabnine.tabnine-vscode/binaries/3.7.17/x86_64-unknown-linux-musl/TabNine-deep-local /home/mxolisi/Documents/Codes/Python/marketplaceio/~/.vscode-root/User/globalStorage/tabnine.tabnine-vscode/binaries/3.7.17/x86_64-unknown-linux-musl/WD-TabNine /home/mxolisi/Documents/Codes/Python/marketplaceio/~/.vscode-root/User/globalStorage/tabnine.tabnine-vscode/binaries/3.7.17/x86_64-unknown-linux-musl/bundle.lock /home/mxolisi/Documents/Codes/Python/marketplaceio/~/.vscode-root/User/globalStorage/tabnine.tabnine-vscode/binaries/3.7.9/x86_64-unknown-linux-musl/TabNine /home/mxolisi/Documents/Codes/Python/marketplaceio/~/.vscode-root/User/globalStorage/tabnine.tabnine-vscode/binaries/3.7.9/x86_64-unknown-linux-musl/TabNine-deep-cloud /home/mxolisi/Documents/Codes/Python/marketplaceio/~/.vscode-root/User/globalStorage/tabnine.tabnine-vscode/binaries/3.7.9/x86_64-unknown-linux-musl/TabNine-deep-local /home/mxolisi/Documents/Codes/Python/marketplaceio/~/.vscode-root/User/globalStorage/tabnine.tabnine-vscode/binaries/3.7.9/x86_64-unknown-linux-musl/WD-TabNine /home/mxolisi/Documents/Codes/Python/marketplaceio/~/.vscode-root/User/globalStorage/tabnine.tabnine-vscode/binaries/3.7.9/x86_64-unknown-linux-musl/bundle.lock /home/mxolisi/Documents/Codes/Python/marketplaceio/~/.vscode-root/logs/20211017T145236/exthost1/exthost.log /home/mxolisi/Documents/Codes/Python/marketplaceio/~/.vscode-root/logs/20211017T145236/exthost1/output_logging_20211017T145241/1-Microsoft Authentication.log /home/mxolisi/Documents/Codes/Python/marketplaceio/~/.vscode-root/logs/20211017T145236/exthost1/output_logging_20211017T145243/2-Python.log /home/mxolisi/Documents/Codes/Python/marketplaceio/~/.vscode-root/logs/20211017T145236/exthost1/output_logging_20211017T145243/3-Python Test Log.log /home/mxolisi/Documents/Codes/Python/marketplaceio/~/.vscode-root/logs/20211017T145236/exthost1/output_logging_20211017T145243/4-Jupyter.log /home/mxolisi/Documents/Codes/Python/marketplaceio/~/.vscode-root/logs/20211017T145236/exthost1/output_logging_20211017T145243/5-Git.log /home/mxolisi/Documents/Codes/Python/marketplaceio/~/.vscode-root/logs/20211017T145236/exthost1/output_logging_20211017T145244/6-Python Language Server.log /home/mxolisi/Documents/Codes/Python/marketplaceio/~/.vscode-root/logs/20211017T145236/exthost1/output_logging_20211017T145247/7-GitHub Authentication.log /home/mxolisi/Documents/Codes/Python/marketplaceio/~/.vscode-root/logs/20211017T145236/exthost1/output_logging_20211017T145247/8-Python Language Server.log /home/mxolisi/Documents/Codes/Python/marketplaceio/~/.vscode-root/logs/20211017T145236/main.log /home/mxolisi/Documents/Codes/Python/marketplaceio/~/.vscode-root/logs/20211017T145236/output_1_20211017T145238/extensions.log /home/mxolisi/Documents/Codes/Python/marketplaceio/~/.vscode-root/logs/20211017T145236/output_1_20211017T145238/tasks.log /home/mxolisi/Documents/Codes/Python/marketplaceio/~/.vscode-root/logs/20211017T145236/renderer1.log /home/mxolisi/Documents/Codes/Python/marketplaceio/~/.vscode-root/logs/20211017T145236/sharedprocess.log /home/mxolisi/Documents/Codes/Python/marketplaceio/~/.vscode-root/logs/20211017T145236/telemetry.log /home/mxolisi/Documents/Codes/Python/marketplaceio/~/.vscode-root/logs/20211017T145236/userDataSync.log
> git ls-files --stage -- /home/mxolisi/Documents/Codes/Python/marketplaceio/__init__.py
> git cat-file -s 446f1c6360743911c398cc8312bdfd21f471652b
> git show --textconv :__init__.py
