Error 2021-06-26 13:09:49: Exception while attempting zmq : [Error: /snap/core/current/usr/lib/x86_64-linux-gnu/libstdc++.so.6: version `GLIBCXX_3.4.22' not found (required by /root/.vscode/extensions/ms-toolsai.jupyter-2021.6.832593372/out/client/node_modules/zeromq/prebuilds/linux-x64/electron.napi.glibc.node)
	at process.func [as dlopen] (electron/js2c/asar_bundle.js:5:1846)
	at Object.Module._extensions..node (internal/modules/cjs/loader.js:1185:18)
	at Object.func [as .node] (electron/js2c/asar_bundle.js:5:1846)
	at Module.load (internal/modules/cjs/loader.js:982:32)
	at Module._load (internal/modules/cjs/loader.js:823:14)
	at Function.f._load (electron/js2c/asar_bundle.js:5:12684)
	at Function.s._load (/snap/code/65/usr/share/code/resources/app/out/vs/workbench/services/extensions/node/extensionHostProcess.js:106:27816)
	at Function.S._load (/snap/code/65/usr/share/code/resources/app/out/vs/workbench/services/extensions/node/extensionHostProcess.js:106:24532)
	at Function.a._load (/snap/code/65/usr/share/code/resources/app/out/vs/workbench/services/extensions/node/extensionHostProcess.js:96:58822)
	at Module.require (internal/modules/cjs/loader.js:1006:19)
	at v (/snap/code/65/usr/share/code/resources/app/out/vs/loader.js:4:694)
	at load (/root/.vscode/extensions/ms-toolsai.jupyter-2021.6.832593372/out/client/node_modules/node-gyp-build/index.js:21:10)
	at Object.<anonymous> (/root/.vscode/extensions/ms-toolsai.jupyter-2021.6.832593372/out/client/node_modules/zeromq/lib/native.js:6:43)
	at Module.u._compile (/snap/code/65/usr/share/code/resources/app/out/vs/loader.js:4:1311)
	at Object.Module._extensions..js (internal/modules/cjs/loader.js:1155:10)
	at Module.load (internal/modules/cjs/loader.js:982:32)
	at Module._load (internal/modules/cjs/loader.js:823:14)
	at Function.f._load (electron/js2c/asar_bundle.js:5:12684)
	at Function.s._load (/snap/code/65/usr/share/code/resources/app/out/vs/workbench/services/extensions/node/extensionHostProcess.js:106:27816)
	at Function.S._load (/snap/code/65/usr/share/code/resources/app/out/vs/workbench/services/extensions/node/extensionHostProcess.js:106:24532)
	at Function.a._load (/snap/code/65/usr/share/code/resources/app/out/vs/workbench/services/extensions/node/extensionHostProcess.js:96:58822)
	at Module.require (internal/modules/cjs/loader.js:1006:19)
	at v (/snap/code/65/usr/share/code/resources/app/out/vs/loader.js:4:694)
	at Object.<anonymous> (/root/.vscode/extensions/ms-toolsai.jupyter-2021.6.832593372/out/client/node_modules/zeromq/lib/index.js:3:16)
	at Module.u._compile (/snap/code/65/usr/share/code/resources/app/out/vs/loader.js:4:1311)
	at Object.Module._extensions..js (internal/modules/cjs/loader.js:1155:10)
	at Module.load (internal/modules/cjs/loader.js:982:32)
	at Module._load (internal/modules/cjs/loader.js:823:14)
	at Function.f._load (electron/js2c/asar_bundle.js:5:12684)
	at Function.s._load (/snap/code/65/usr/share/code/resources/app/out/vs/workbench/services/extensions/node/extensionHostProcess.js:106:27816)
	at Function.S._load (/snap/code/65/usr/share/code/resources/app/out/vs/workbench/services/extensions/node/extensionHostProcess.js:106:24532)
	at Function.a._load (/snap/code/65/usr/share/code/resources/app/out/vs/workbench/services/extensions/node/extensionHostProcess.js:96:58822)
	at Module.require (internal/modules/cjs/loader.js:1006:19)
	at v (/snap/code/65/usr/share/code/resources/app/out/vs/loader.js:4:694)
	at Object.<anonymous> (/root/.vscode/extensions/ms-toolsai.jupyter-2021.6.832593372/out/client/extension.js:37:295866)
	at n (/root/.vscode/extensions/ms-toolsai.jupyter-2021.6.832593372/out/client/extension.js:1:186)
	at d.zmqSupported (/root/.vscode/extensions/ms-toolsai.jupyter-2021.6.832593372/out/client/extension.js:90:443815)
	at d.isSupportedForLocalLaunch (/root/.vscode/extensions/ms-toolsai.jupyter-2021.6.832593372/out/client/extension.js:90:443465)
	at d.supported (/root/.vscode/extensions/ms-toolsai.jupyter-2021.6.832593372/out/client/extension.js:90:443375)
	at Object.t.registerTypes (/root/.vscode/extensions/ms-toolsai.jupyter-2021.6.832593372/out/client/extension.js:52:805868)
	at /root/.vscode/extensions/ms-toolsai.jupyter-2021.6.832593372/out/client/extension.js:52:271541
	at processTicksAndRejections (internal/process/task_queues.js:93:5)
	at async /root/.vscode/extensions/ms-toolsai.jupyter-2021.6.832593372/out/client/extension.js:37:823700
	at async t.activate (/root/.vscode/extensions/ms-toolsai.jupyter-2021.6.832593372/out/client/extension.js:37:823387)
	at async Promise.all (index 0)]
Info 2021-06-26 13:09:49: id is 07cfab07-f3e3-4af7-861c-2d253f7a28e3
Error 2021-06-26 13:09:50: Jupyter Extension (Error in Failed to update settings.json, method:fixSettingsFile): [EntryNotFound (FileSystemError): Unable to read file '/root/.config/Code/User/settings.json' (Error: Unable to resolve non-existing file '/root/.config/Code/User/settings.json')
	at _handleError (/snap/code/65/usr/share/code/resources/app/out/vs/workbench/services/extensions/node/extensionHostProcess.js:87:156171)
	at processTicksAndRejections (internal/process/task_queues.js:93:5)
	at async m.readFile (/root/.vscode/extensions/ms-toolsai.jupyter-2021.6.832593372/out/client/extension.js:90:487442)
	at async g.fixSettingsFile (/root/.vscode/extensions/ms-toolsai.jupyter-2021.6.832593372/out/client/extension.js:52:293565)
	at async Promise.all (index 0)
	at async g.updateSettings (/root/.vscode/extensions/ms-toolsai.jupyter-2021.6.832593372/out/client/extension.js:52:295285)] {
  code: 'FileNotFound'
}
Error 2021-06-26 13:09:50: Jupyter Extension (Error in Failed to update settings.json, method:fixSettingsFile): [EntryNotFound (FileSystemError): Unable to read file '/home/mxolisi/Documents/Codes/Python/marketplaceio/.vscode/settings.json' (Error: Unable to resolve non-existing file '/home/mxolisi/Documents/Codes/Python/marketplaceio/.vscode/settings.json')
	at _handleError (/snap/code/65/usr/share/code/resources/app/out/vs/workbench/services/extensions/node/extensionHostProcess.js:87:156171)
	at processTicksAndRejections (internal/process/task_queues.js:93:5)
	at async m.readFile (/root/.vscode/extensions/ms-toolsai.jupyter-2021.6.832593372/out/client/extension.js:90:487442)
	at async g.fixSettingsFile (/root/.vscode/extensions/ms-toolsai.jupyter-2021.6.832593372/out/client/extension.js:52:293565)
	at async Promise.all (index 1)
	at async g.updateSettings (/root/.vscode/extensions/ms-toolsai.jupyter-2021.6.832593372/out/client/extension.js:52:295285)] {
  code: 'FileNotFound'
}
Info 2021-06-26 13:09:50: Executing script head -c 1024 /dev/urandom to generate random bytes
Info 2021-06-26 13:09:50: Generated random key of length 2048
Info 2021-06-26 13:09:50: Successfully generated keyfile with OS PRNG
Info 2021-06-26 13:09:54: Cached data exists getEnvironmentVariables, <No Resource>
Info 2021-06-26 13:09:54: Cached data exists getEnvironmentVariables, <No Resource>
Info 2021-06-26 13:09:54: Cached data exists getEnvironmentVariables, <No Resource>
Info 2021-06-26 13:09:54: Process Execution: > /usr/bin/python3 ~/.vscode/extensions/ms-toolsai.jupyter-2021.6.832593372/pythonFiles/pyvsc-run-isolated.py pip list
> /usr/bin/python3 ~/.vscode/extensions/ms-toolsai.jupyter-2021.6.832593372/pythonFiles/pyvsc-run-isolated.py pip list
Info 2021-06-26 13:09:54: Process Execution: > /usr/bin/python3 ~/.vscode/extensions/ms-toolsai.jupyter-2021.6.832593372/pythonFiles/pyvsc-run-isolated.py pip list
> /usr/bin/python3 ~/.vscode/extensions/ms-toolsai.jupyter-2021.6.832593372/pythonFiles/pyvsc-run-isolated.py pip list
Info 2021-06-26 13:09:54: Process Execution: > /usr/bin/python3 ~/.vscode/extensions/ms-toolsai.jupyter-2021.6.832593372/pythonFiles/pyvsc-run-isolated.py -c "import jupyter"
> /usr/bin/python3 ~/.vscode/extensions/ms-toolsai.jupyter-2021.6.832593372/pythonFiles/pyvsc-run-isolated.py -c "import jupyter"
Info 2021-06-26 13:09:54: Process Execution: > /usr/bin/python3 ~/.vscode/extensions/ms-toolsai.jupyter-2021.6.832593372/pythonFiles/pyvsc-run-isolated.py -c "import jupyter"
> /usr/bin/python3 ~/.vscode/extensions/ms-toolsai.jupyter-2021.6.832593372/pythonFiles/pyvsc-run-isolated.py -c "import jupyter"
Info 2021-06-26 13:09:54: Process Execution: > /usr/bin/python3 ~/.vscode/extensions/ms-toolsai.jupyter-2021.6.832593372/pythonFiles/pyvsc-run-isolated.py -c "import notebook"
> /usr/bin/python3 ~/.vscode/extensions/ms-toolsai.jupyter-2021.6.832593372/pythonFiles/pyvsc-run-isolated.py -c "import notebook"
Info 2021-06-26 13:09:54: Process Execution: > /usr/bin/python3 ~/.vscode/extensions/ms-toolsai.jupyter-2021.6.832593372/pythonFiles/pyvsc-run-isolated.py -c "import notebook"
> /usr/bin/python3 ~/.vscode/extensions/ms-toolsai.jupyter-2021.6.832593372/pythonFiles/pyvsc-run-isolated.py -c "import notebook"
Info 2021-06-26 13:09:54: Search all interpreters /usr/bin/python2, /usr/bin/python3, /bin/python2, /bin/python3
Info 2021-06-26 13:09:54: Process Execution: > /usr/bin/python3 ~/.vscode/extensions/ms-toolsai.jupyter-2021.6.832593372/pythonFiles/pyvsc-run-isolated.py -c "import pip"
> /usr/bin/python3 ~/.vscode/extensions/ms-toolsai.jupyter-2021.6.832593372/pythonFiles/pyvsc-run-isolated.py -c "import pip"
Info 2021-06-26 13:09:54: Process Execution: > /usr/bin/python3 ~/.vscode/extensions/ms-toolsai.jupyter-2021.6.832593372/pythonFiles/pyvsc-run-isolated.py -c "import pip"
> /usr/bin/python3 ~/.vscode/extensions/ms-toolsai.jupyter-2021.6.832593372/pythonFiles/pyvsc-run-isolated.py -c "import pip"
