[2021-10-17 14:52:40.909] [exthost] [info] extension host started
[2021-10-17 14:52:40.909] [exthost] [info] Skipping acquiring lock for /home/mxolisi/Documents/Codes/Python/marketplaceio/~/.vscode-root/User/workspaceStorage/2043c08808b11c6d72ff670c5ef27e7b.
[2021-10-17 14:52:41.163] [exthost] [info] ExtensionService#_doActivateExtension vscode.microsoft-authentication, startup: false, activationEvent: 'onAuthenticationRequest:microsoft'
[2021-10-17 14:52:41.163] [exthost] [info] ExtensionService#loadCommonJSModule file:///snap/code/77/usr/share/code/resources/app/extensions/microsoft-authentication/dist/extension.js
[2021-10-17 14:52:41.204] [exthost] [info] ExtensionService#_doActivateExtension ms-python.python, startup: false, activationEvent: 'onLanguage:python', root cause: ms-python.vscode-pylance
[2021-10-17 14:52:41.204] [exthost] [info] ExtensionService#loadCommonJSModule file:///root/.vscode/extensions/ms-python.python-2021.10.1317843341/out/client/extension
[2021-10-17 14:52:41.441] [exthost] [info] ExtensionService#_doActivateExtension ms-toolsai.jupyter, startup: false, activationEvent: 'onLanguage:python'
[2021-10-17 14:52:41.441] [exthost] [info] ExtensionService#loadCommonJSModule file:///root/.vscode/extensions/ms-toolsai.jupyter-2021.9.1001312534/out/client/extension
[2021-10-17 14:52:43.116] [exthost] [info] ExtensionService#_doActivateExtension tht13.python, startup: false, activationEvent: 'onLanguage:python'
[2021-10-17 14:52:43.116] [exthost] [info] ExtensionService#loadCommonJSModule file:///root/.vscode/extensions/tht13.python-0.2.3/out/client/src/pythonMain
[2021-10-17 14:52:43.140] [exthost] [info] ExtensionService#_doActivateExtension vscode.debug-auto-launch, startup: true, activationEvent: '*'
[2021-10-17 14:52:43.140] [exthost] [info] ExtensionService#loadCommonJSModule file:///snap/code/77/usr/share/code/resources/app/extensions/debug-auto-launch/dist/extension
[2021-10-17 14:52:43.145] [exthost] [info] ExtensionService#_doActivateExtension vscode.git, startup: true, activationEvent: '*', root cause: vscode.github
[2021-10-17 14:52:43.145] [exthost] [info] ExtensionService#loadCommonJSModule file:///snap/code/77/usr/share/code/resources/app/extensions/git/dist/main
[2021-10-17 14:52:43.253] [exthost] [info] ExtensionService#_doActivateExtension TabNine.tabnine-vscode, startup: true, activationEvent: '*'
[2021-10-17 14:52:43.253] [exthost] [info] ExtensionService#loadCommonJSModule file:///root/.vscode/extensions/tabnine.tabnine-vscode-3.4.29/out/extension
[2021-10-17 14:52:43.418] [exthost] [info] ExtensionService#_doActivateExtension yandeu.five-server, startup: true, activationEvent: '*'
[2021-10-17 14:52:43.418] [exthost] [info] ExtensionService#loadCommonJSModule file:///root/.vscode/extensions/yandeu.five-server-0.0.33/out/extension.js
[2021-10-17 14:52:43.484] [exthost] [info] ExtensionService#_doActivateExtension vscode.configuration-editing, startup: false, activationEvent: 'onLanguage:json'
[2021-10-17 14:52:43.484] [exthost] [info] ExtensionService#loadCommonJSModule file:///snap/code/77/usr/share/code/resources/app/extensions/configuration-editing/dist/configurationEditingMain
[2021-10-17 14:52:43.494] [exthost] [info] ExtensionService#_doActivateExtension vscode.extension-editing, startup: false, activationEvent: 'onLanguage:json'
[2021-10-17 14:52:43.494] [exthost] [info] ExtensionService#loadCommonJSModule file:///snap/code/77/usr/share/code/resources/app/extensions/extension-editing/dist/extensionEditingMain
[2021-10-17 14:52:43.520] [exthost] [info] ExtensionService#_doActivateExtension vscode.json-language-features, startup: false, activationEvent: 'onLanguage:json'
[2021-10-17 14:52:43.520] [exthost] [info] ExtensionService#loadCommonJSModule file:///snap/code/77/usr/share/code/resources/app/extensions/json-language-features/client/dist/node/jsonClientMain
[2021-10-17 14:52:43.679] [exthost] [info] ExtensionService#_doActivateExtension vscode.npm, startup: false, activationEvent: 'onLanguage:json'
[2021-10-17 14:52:43.679] [exthost] [info] ExtensionService#loadCommonJSModule file:///snap/code/77/usr/share/code/resources/app/extensions/npm/dist/npmMain
[2021-10-17 14:52:43.717] [exthost] [info] ExtensionService#_doActivateExtension vscode.typescript-language-features, startup: false, activationEvent: 'onLanguage:javascript'
[2021-10-17 14:52:43.717] [exthost] [info] ExtensionService#loadCommonJSModule file:///snap/code/77/usr/share/code/resources/app/extensions/typescript-language-features/dist/extension
[2021-10-17 14:52:44.057] [exthost] [error] Activating extension tht13.python failed due to an error:
[2021-10-17 14:52:44.057] [exthost] [error] TypeError: Cannot read property 'document' of undefined
	at PythonExtension.startServer (/root/.vscode/extensions/tht13.python-0.2.3/out/client/src/pythonMain.js:154:55)
	at activate (/root/.vscode/extensions/tht13.python-0.2.3/out/client/src/pythonMain.js:9:38)
	at Function._callActivateOptional (/snap/code/77/usr/share/code/resources/app/out/vs/workbench/services/extensions/node/extensionHostProcess.js:99:15028)
	at Function._callActivate (/snap/code/77/usr/share/code/resources/app/out/vs/workbench/services/extensions/node/extensionHostProcess.js:99:14704)
	at /snap/code/77/usr/share/code/resources/app/out/vs/workbench/services/extensions/node/extensionHostProcess.js:99:12907
	at processTicksAndRejections (internal/process/task_queues.js:93:5)
	at async Promise.all (index 2)
[2021-10-17 14:52:45.819] [exthost] [info] ExtensionService#_doActivateExtension ms-toolsai.jupyter-renderers, startup: false, activationEvent: 'api', root cause: ms-toolsai.jupyter
[2021-10-17 14:52:45.819] [exthost] [info] ExtensionService#loadCommonJSModule file:///root/.vscode/extensions/ms-toolsai.jupyter-renderers-1.0.3/out/extension_renderer/index.js
[2021-10-17 14:52:46.275] [exthost] [info] ExtensionService#_doActivateExtension vscode.github, startup: true, activationEvent: '*'
[2021-10-17 14:52:46.275] [exthost] [info] ExtensionService#loadCommonJSModule file:///snap/code/77/usr/share/code/resources/app/extensions/github/dist/extension.js
[2021-10-17 14:52:46.325] [exthost] [info] ExtensionService#_doActivateExtension ms-vscode.js-debug, startup: false, activationEvent: 'onCommand:extension.js-debug.clearAutoAttachVariables'
[2021-10-17 14:52:46.325] [exthost] [info] ExtensionService#loadCommonJSModule file:///snap/code/77/usr/share/code/resources/app/extensions/ms-vscode.js-debug/src/extension.js
[2021-10-17 14:52:46.561] [exthost] [info] ExtensionService#_doActivateExtension ms-python.vscode-pylance, startup: false, activationEvent: 'onLanguage:python'
[2021-10-17 14:52:46.561] [exthost] [info] ExtensionService#loadCommonJSModule file:///root/.vscode/extensions/ms-python.vscode-pylance-2021.10.0/dist/extension.bundle.js
[2021-10-17 14:52:46.757] [exthost] [info] eager extensions activated
[2021-10-17 14:52:46.788] [exthost] [info] ExtensionService#_doActivateExtension vscode.emmet, startup: false, activationEvent: 'onStartupFinished'
[2021-10-17 14:52:46.788] [exthost] [info] ExtensionService#loadCommonJSModule file:///snap/code/77/usr/share/code/resources/app/extensions/emmet/dist/node/emmetNodeMain
[2021-10-17 14:52:46.821] [exthost] [info] ExtensionService#_doActivateExtension vscode.merge-conflict, startup: false, activationEvent: 'onStartupFinished'
[2021-10-17 14:52:46.821] [exthost] [info] ExtensionService#loadCommonJSModule file:///snap/code/77/usr/share/code/resources/app/extensions/merge-conflict/dist/mergeConflictMain
[2021-10-17 14:52:46.901] [exthost] [info] ExtensionService#_doActivateExtension vscode.github-authentication, startup: false, activationEvent: 'onAuthenticationRequest:github'
[2021-10-17 14:52:46.902] [exthost] [info] ExtensionService#loadCommonJSModule file:///snap/code/77/usr/share/code/resources/app/extensions/github-authentication/dist/extension.js
[2021-10-17 15:02:46.004] [exthost] [error] [ms-python.python] provider FAILED
[2021-10-17 15:02:46.004] [exthost] [error] Canceled: Canceled
	at _.makeCancelError (/root/.vscode/extensions/ms-python.python-2021.10.1317843341/out/client/extension.js:9:153526)
	at _.handleFailedRequest (/root/.vscode/extensions/ms-python.python-2021.10.1317843341/out/client/extension.js:9:153377)
	at /root/.vscode/extensions/ms-python.python-2021.10.1317843341/out/client/extension.js:9:113719
	at async s.provideHover (/snap/code/77/usr/share/code/resources/app/out/vs/workbench/services/extensions/node/extensionHostProcess.js:94:170095)
[2021-10-20 01:28:28.963] [exthost] [error] [ms-python.python] provider FAILED
[2021-10-20 01:28:28.982] [exthost] [error] Canceled: Canceled
	at _.makeCancelError (/root/.vscode/extensions/ms-python.python-2021.10.1317843341/out/client/extension.js:9:153526)
	at _.handleFailedRequest (/root/.vscode/extensions/ms-python.python-2021.10.1317843341/out/client/extension.js:9:153377)
	at /root/.vscode/extensions/ms-python.python-2021.10.1317843341/out/client/extension.js:9:113719
	at async s.provideHover (/snap/code/77/usr/share/code/resources/app/out/vs/workbench/services/extensions/node/extensionHostProcess.js:94:170095)
[2021-10-20 01:29:28.712] [exthost] [error] [ms-python.python] provider FAILED
[2021-10-20 01:29:28.713] [exthost] [error] Canceled: Canceled
	at _.makeCancelError (/root/.vscode/extensions/ms-python.python-2021.10.1317843341/out/client/extension.js:9:153526)
	at _.handleFailedRequest (/root/.vscode/extensions/ms-python.python-2021.10.1317843341/out/client/extension.js:9:153377)
	at /root/.vscode/extensions/ms-python.python-2021.10.1317843341/out/client/extension.js:9:113719
	at async s.provideHover (/snap/code/77/usr/share/code/resources/app/out/vs/workbench/services/extensions/node/extensionHostProcess.js:94:170095)
[2021-10-20 01:30:14.411] [exthost] [warning] [Decorations] CAPPING events from decorations provider vscode.git 352
[2021-10-20 01:30:32.383] [exthost] [warning] [Decorations] CAPPING events from decorations provider vscode.git 349
[2021-10-20 01:38:31.702] [exthost] [warning] [Decorations] CAPPING events from decorations provider vscode.git 349
[2021-10-20 01:39:14.411] [exthost] [warning] [Decorations] CAPPING events from decorations provider vscode.git 350
[2021-10-20 01:39:24.794] [exthost] [error] [ms-python.python] provider FAILED
[2021-10-20 01:39:24.794] [exthost] [error] Error: name must not be falsy
	at Function.validate (/snap/code/77/usr/share/code/resources/app/out/vs/workbench/services/extensions/node/extensionHostProcess.js:87:30472)
	at new r (/snap/code/77/usr/share/code/resources/app/out/vs/workbench/services/extensions/node/extensionHostProcess.js:87:30421)
	at new r (/snap/code/77/usr/share/code/resources/app/out/vs/workbench/services/extensions/node/extensionHostProcess.js:87:17220)
	at q (/root/.vscode/extensions/ms-python.python-2021.10.1317843341/out/client/extension.js:52:324613)
	at q (/root/.vscode/extensions/ms-python.python-2021.10.1317843341/out/client/extension.js:52:324788)
	at Array.map (<anonymous>)
	at Object.asDocumentSymbols (/root/.vscode/extensions/ms-python.python-2021.10.1317843341/out/client/extension.js:52:329951)
	at /root/.vscode/extensions/ms-python.python-2021.10.1317843341/out/client/extension.js:9:118287
	at async l.provideDocumentSymbols (/snap/code/77/usr/share/code/resources/app/out/vs/workbench/services/extensions/node/extensionHostProcess.js:94:166891)
[2021-10-20 01:39:25.745] [exthost] [error] [ms-python.python] provider FAILED
[2021-10-20 01:39:25.745] [exthost] [error] Error: name must not be falsy
	at Function.validate (/snap/code/77/usr/share/code/resources/app/out/vs/workbench/services/extensions/node/extensionHostProcess.js:87:30472)
	at new r (/snap/code/77/usr/share/code/resources/app/out/vs/workbench/services/extensions/node/extensionHostProcess.js:87:30421)
	at new r (/snap/code/77/usr/share/code/resources/app/out/vs/workbench/services/extensions/node/extensionHostProcess.js:87:17220)
	at q (/root/.vscode/extensions/ms-python.python-2021.10.1317843341/out/client/extension.js:52:324613)
	at q (/root/.vscode/extensions/ms-python.python-2021.10.1317843341/out/client/extension.js:52:324788)
	at Array.map (<anonymous>)
	at Object.asDocumentSymbols (/root/.vscode/extensions/ms-python.python-2021.10.1317843341/out/client/extension.js:52:329951)
	at /root/.vscode/extensions/ms-python.python-2021.10.1317843341/out/client/extension.js:9:118287
	at async l.provideDocumentSymbols (/snap/code/77/usr/share/code/resources/app/out/vs/workbench/services/extensions/node/extensionHostProcess.js:94:166891)
[2021-10-20 01:39:26.488] [exthost] [error] [ms-python.python] provider FAILED
[2021-10-20 01:39:26.488] [exthost] [error] Error: name must not be falsy
	at Function.validate (/snap/code/77/usr/share/code/resources/app/out/vs/workbench/services/extensions/node/extensionHostProcess.js:87:30472)
	at new r (/snap/code/77/usr/share/code/resources/app/out/vs/workbench/services/extensions/node/extensionHostProcess.js:87:30421)
	at new r (/snap/code/77/usr/share/code/resources/app/out/vs/workbench/services/extensions/node/extensionHostProcess.js:87:17220)
	at q (/root/.vscode/extensions/ms-python.python-2021.10.1317843341/out/client/extension.js:52:324613)
	at q (/root/.vscode/extensions/ms-python.python-2021.10.1317843341/out/client/extension.js:52:324788)
	at Array.map (<anonymous>)
	at Object.asDocumentSymbols (/root/.vscode/extensions/ms-python.python-2021.10.1317843341/out/client/extension.js:52:329951)
	at /root/.vscode/extensions/ms-python.python-2021.10.1317843341/out/client/extension.js:9:118287
	at async l.provideDocumentSymbols (/snap/code/77/usr/share/code/resources/app/out/vs/workbench/services/extensions/node/extensionHostProcess.js:94:166891)
[2021-10-20 01:39:26.908] [exthost] [error] [ms-python.python] provider FAILED
[2021-10-20 01:39:26.908] [exthost] [error] Error: name must not be falsy
	at Function.validate (/snap/code/77/usr/share/code/resources/app/out/vs/workbench/services/extensions/node/extensionHostProcess.js:87:30472)
	at new r (/snap/code/77/usr/share/code/resources/app/out/vs/workbench/services/extensions/node/extensionHostProcess.js:87:30421)
	at new r (/snap/code/77/usr/share/code/resources/app/out/vs/workbench/services/extensions/node/extensionHostProcess.js:87:17220)
	at q (/root/.vscode/extensions/ms-python.python-2021.10.1317843341/out/client/extension.js:52:324613)
	at q (/root/.vscode/extensions/ms-python.python-2021.10.1317843341/out/client/extension.js:52:324788)
	at Array.map (<anonymous>)
	at Object.asDocumentSymbols (/root/.vscode/extensions/ms-python.python-2021.10.1317843341/out/client/extension.js:52:329951)
	at /root/.vscode/extensions/ms-python.python-2021.10.1317843341/out/client/extension.js:9:118287
	at async l.provideDocumentSymbols (/snap/code/77/usr/share/code/resources/app/out/vs/workbench/services/extensions/node/extensionHostProcess.js:94:166891)
[2021-10-20 01:40:02.390] [exthost] [error] [ms-python.python] provider FAILED
[2021-10-20 01:40:02.391] [exthost] [error] Canceled: Canceled
	at _.makeCancelError (/root/.vscode/extensions/ms-python.python-2021.10.1317843341/out/client/extension.js:9:153526)
	at _.handleFailedRequest (/root/.vscode/extensions/ms-python.python-2021.10.1317843341/out/client/extension.js:9:153377)
	at /root/.vscode/extensions/ms-python.python-2021.10.1317843341/out/client/extension.js:9:113719
	at async s.provideHover (/snap/code/77/usr/share/code/resources/app/out/vs/workbench/services/extensions/node/extensionHostProcess.js:94:170095)
[2021-10-20 01:41:02.796] [exthost] [warning] [Decorations] CAPPING events from decorations provider vscode.git 350
[2021-10-20 01:41:31.494] [exthost] [error] [ms-python.python] provider FAILED
[2021-10-20 01:41:31.494] [exthost] [error] Canceled: Canceled
	at _.makeCancelError (/root/.vscode/extensions/ms-python.python-2021.10.1317843341/out/client/extension.js:9:153526)
	at _.handleFailedRequest (/root/.vscode/extensions/ms-python.python-2021.10.1317843341/out/client/extension.js:9:153377)
	at /root/.vscode/extensions/ms-python.python-2021.10.1317843341/out/client/extension.js:9:121238
	at async T.provideCodeActions (/snap/code/77/usr/share/code/resources/app/out/vs/workbench/services/extensions/node/extensionHostProcess.js:94:172403)
[2021-10-20 01:41:51.981] [exthost] [warning] [Decorations] CAPPING events from decorations provider vscode.git 350
[2021-10-20 01:42:29.821] [exthost] [error] [ms-python.python] provider FAILED
[2021-10-20 01:42:29.821] [exthost] [error] Canceled: Canceled
	at _.makeCancelError (/root/.vscode/extensions/ms-python.python-2021.10.1317843341/out/client/extension.js:9:153526)
	at _.handleFailedRequest (/root/.vscode/extensions/ms-python.python-2021.10.1317843341/out/client/extension.js:9:153377)
	at /root/.vscode/extensions/ms-python.python-2021.10.1317843341/out/client/extension.js:9:121238
	at async T.provideCodeActions (/snap/code/77/usr/share/code/resources/app/out/vs/workbench/services/extensions/node/extensionHostProcess.js:94:172403)
[2021-10-20 01:42:37.960] [exthost] [error] [ms-python.python] provider FAILED
[2021-10-20 01:42:37.960] [exthost] [error] Canceled: Canceled
	at _.makeCancelError (/root/.vscode/extensions/ms-python.python-2021.10.1317843341/out/client/extension.js:9:153526)
	at _.handleFailedRequest (/root/.vscode/extensions/ms-python.python-2021.10.1317843341/out/client/extension.js:9:153377)
	at /root/.vscode/extensions/ms-python.python-2021.10.1317843341/out/client/extension.js:9:113719
	at async s.provideHover (/snap/code/77/usr/share/code/resources/app/out/vs/workbench/services/extensions/node/extensionHostProcess.js:94:170095)
[2021-10-20 01:43:10.001] [exthost] [error] [ms-python.python] provider FAILED
[2021-10-20 01:43:10.002] [exthost] [error] Canceled: Canceled
	at _.makeCancelError (/root/.vscode/extensions/ms-python.python-2021.10.1317843341/out/client/extension.js:9:153526)
	at _.handleFailedRequest (/root/.vscode/extensions/ms-python.python-2021.10.1317843341/out/client/extension.js:9:153377)
	at /root/.vscode/extensions/ms-python.python-2021.10.1317843341/out/client/extension.js:9:121238
	at async T.provideCodeActions (/snap/code/77/usr/share/code/resources/app/out/vs/workbench/services/extensions/node/extensionHostProcess.js:94:172403)
[2021-10-20 01:43:33.248] [exthost] [warning] [Decorations] CAPPING events from decorations provider vscode.git 350
[2021-10-20 01:44:27.712] [exthost] [warning] [Decorations] CAPPING events from decorations provider vscode.git 350
[2021-10-20 01:51:14.449] [exthost] [warning] [Decorations] CAPPING events from decorations provider vscode.git 350
[2021-10-20 01:51:14.698] [exthost] [error] [ms-python.python] provider FAILED
[2021-10-20 01:51:14.698] [exthost] [error] Canceled: Canceled
	at _.makeCancelError (/root/.vscode/extensions/ms-python.python-2021.10.1317843341/out/client/extension.js:9:153526)
	at _.handleFailedRequest (/root/.vscode/extensions/ms-python.python-2021.10.1317843341/out/client/extension.js:9:153377)
	at /root/.vscode/extensions/ms-python.python-2021.10.1317843341/out/client/extension.js:9:113719
	at async s.provideHover (/snap/code/77/usr/share/code/resources/app/out/vs/workbench/services/extensions/node/extensionHostProcess.js:94:170095)
[2021-10-20 01:56:12.867] [exthost] [error] [ms-python.python] provider FAILED
[2021-10-20 01:56:12.867] [exthost] [error] Canceled: Canceled
	at _.makeCancelError (/root/.vscode/extensions/ms-python.python-2021.10.1317843341/out/client/extension.js:9:153526)
	at _.handleFailedRequest (/root/.vscode/extensions/ms-python.python-2021.10.1317843341/out/client/extension.js:9:153377)
	at /root/.vscode/extensions/ms-python.python-2021.10.1317843341/out/client/extension.js:9:121238
	at async T.provideCodeActions (/snap/code/77/usr/share/code/resources/app/out/vs/workbench/services/extensions/node/extensionHostProcess.js:94:172403)
[2021-10-20 01:56:29.519] [exthost] [warning] [Decorations] CAPPING events from decorations provider vscode.git 350
[2021-10-20 02:02:17.762] [exthost] [error] [ms-python.python] provider FAILED
[2021-10-20 02:02:17.762] [exthost] [error] Canceled: Canceled
	at _.makeCancelError (/root/.vscode/extensions/ms-python.python-2021.10.1317843341/out/client/extension.js:9:153526)
	at _.handleFailedRequest (/root/.vscode/extensions/ms-python.python-2021.10.1317843341/out/client/extension.js:9:153377)
	at /root/.vscode/extensions/ms-python.python-2021.10.1317843341/out/client/extension.js:9:113719
	at async s.provideHover (/snap/code/77/usr/share/code/resources/app/out/vs/workbench/services/extensions/node/extensionHostProcess.js:94:170095)
[2021-10-20 02:02:38.921] [exthost] [warning] [Decorations] CAPPING events from decorations provider vscode.git 350
[2021-10-20 02:04:12.764] [exthost] [warning] [Decorations] CAPPING events from decorations provider vscode.git 350
[2021-10-20 02:04:18.044] [exthost] [warning] [Decorations] CAPPING events from decorations provider vscode.git 350
[2021-10-20 02:04:20.162] [exthost] [warning] [Decorations] CAPPING events from decorations provider vscode.git 350
