[2021-10-17 14:52:38.990] [renderer1] [info] Starting extension host with pid 261131.
[2021-10-17 14:52:39.597] [renderer1] [error] [Extension Host] (node:261131) [DEP0005] DeprecationWarning: Buffer() is deprecated due to security and usability issues. Please use the Buffer.alloc(), Buffer.allocUnsafe(), or Buffer.from() methods instead.
(Use `code --trace-deprecation ...` to show where the warning was created)
[2021-10-17 14:52:51.554] [renderer1] [error] [Extension Host] Error: Binary request timed out.
	at Timeout._onTimeout (/root/.vscode/extensions/tabnine.tabnine-vscode-3.4.29/out/extension.js:17:7578)
	at listOnTimeout (internal/timers.js:554:17)
	at processTimers (internal/timers.js:497:7)
[2021-10-17 14:52:51.554] [renderer1] [error] [Extension Host] Error: Could not get enabled capabilities
	at Object.t.getCapabilities (/root/.vscode/extensions/tabnine.tabnine-vscode-3.4.29/out/extension.js:17:18108)
[2021-10-17 14:52:52.554] [renderer1] [error] [Extension Host] Error: Binary request timed out.
	at Timeout._onTimeout (/root/.vscode/extensions/tabnine.tabnine-vscode-3.4.29/out/extension.js:17:7578)
	at listOnTimeout (internal/timers.js:554:17)
	at processTimers (internal/timers.js:497:7)
[2021-10-17 14:52:53.557] [renderer1] [error] [Extension Host] Error: Binary request timed out.
	at Timeout._onTimeout (/root/.vscode/extensions/tabnine.tabnine-vscode-3.4.29/out/extension.js:17:7578)
	at listOnTimeout (internal/timers.js:554:17)
	at processTimers (internal/timers.js:497:7)
[2021-10-17 14:52:54.558] [renderer1] [error] [Extension Host] Error: Binary request timed out.
	at Timeout._onTimeout (/root/.vscode/extensions/tabnine.tabnine-vscode-3.4.29/out/extension.js:17:7578)
	at listOnTimeout (internal/timers.js:554:17)
	at processTimers (internal/timers.js:497:7)
[2021-10-17 14:52:55.560] [renderer1] [error] [Extension Host] Error: Binary request timed out.
	at Timeout._onTimeout (/root/.vscode/extensions/tabnine.tabnine-vscode-3.4.29/out/extension.js:17:7578)
	at listOnTimeout (internal/timers.js:554:17)
	at processTimers (internal/timers.js:497:7)
[2021-10-17 14:55:12.602] [renderer1] [error] [Extension Host] Error: Binary request timed out.
	at Timeout._onTimeout (/root/.vscode/extensions/tabnine.tabnine-vscode-3.4.29/out/extension.js:17:7578)
	at listOnTimeout (internal/timers.js:554:17)
	at processTimers (internal/timers.js:497:7)
[2021-10-18 02:22:44.615] [renderer1] [error] getaddrinfo ETIMEDOUT default.exp-tas.com: Error: getaddrinfo ETIMEDOUT default.exp-tas.com
	at GetAddrInfoReqWrap.onlookup [as oncomplete] (dns.js:67:26)
[2021-10-18 02:52:44.599] [renderer1] [error] getaddrinfo ETIMEDOUT default.exp-tas.com: Error: getaddrinfo ETIMEDOUT default.exp-tas.com
	at GetAddrInfoReqWrap.onlookup [as oncomplete] (dns.js:67:26)
[2021-10-18 03:22:44.594] [renderer1] [error] getaddrinfo ETIMEDOUT default.exp-tas.com: Error: getaddrinfo ETIMEDOUT default.exp-tas.com
	at GetAddrInfoReqWrap.onlookup [as oncomplete] (dns.js:67:26)
[2021-10-18 03:52:44.599] [renderer1] [error] getaddrinfo ETIMEDOUT default.exp-tas.com: Error: getaddrinfo ETIMEDOUT default.exp-tas.com
	at GetAddrInfoReqWrap.onlookup [as oncomplete] (dns.js:67:26)
[2021-10-18 04:22:44.594] [renderer1] [error] getaddrinfo ETIMEDOUT default.exp-tas.com: Error: getaddrinfo ETIMEDOUT default.exp-tas.com
	at GetAddrInfoReqWrap.onlookup [as oncomplete] (dns.js:67:26)
[2021-10-18 04:52:44.596] [renderer1] [error] getaddrinfo ETIMEDOUT default.exp-tas.com: Error: getaddrinfo ETIMEDOUT default.exp-tas.com
	at GetAddrInfoReqWrap.onlookup [as oncomplete] (dns.js:67:26)
[2021-10-18 05:25:15.739] [renderer1] [error] getaddrinfo ETIMEDOUT default.exp-tas.com: Error: getaddrinfo ETIMEDOUT default.exp-tas.com
	at GetAddrInfoReqWrap.onlookup [as oncomplete] (dns.js:67:26)
[2021-10-18 05:55:15.740] [renderer1] [error] getaddrinfo ETIMEDOUT default.exp-tas.com: Error: getaddrinfo ETIMEDOUT default.exp-tas.com
	at GetAddrInfoReqWrap.onlookup [as oncomplete] (dns.js:67:26)
[2021-10-18 06:25:15.741] [renderer1] [error] getaddrinfo ETIMEDOUT default.exp-tas.com: Error: getaddrinfo ETIMEDOUT default.exp-tas.com
	at GetAddrInfoReqWrap.onlookup [as oncomplete] (dns.js:67:26)
[2021-10-18 06:55:15.744] [renderer1] [error] getaddrinfo ETIMEDOUT default.exp-tas.com: Error: getaddrinfo ETIMEDOUT default.exp-tas.com
	at GetAddrInfoReqWrap.onlookup [as oncomplete] (dns.js:67:26)
[2021-10-18 07:25:15.741] [renderer1] [error] getaddrinfo ETIMEDOUT default.exp-tas.com: Error: getaddrinfo ETIMEDOUT default.exp-tas.com
	at GetAddrInfoReqWrap.onlookup [as oncomplete] (dns.js:67:26)
[2021-10-18 07:55:15.741] [renderer1] [error] getaddrinfo ETIMEDOUT default.exp-tas.com: Error: getaddrinfo ETIMEDOUT default.exp-tas.com
	at GetAddrInfoReqWrap.onlookup [as oncomplete] (dns.js:67:26)
[2021-10-18 08:25:15.740] [renderer1] [error] getaddrinfo ETIMEDOUT default.exp-tas.com: Error: getaddrinfo ETIMEDOUT default.exp-tas.com
	at GetAddrInfoReqWrap.onlookup [as oncomplete] (dns.js:67:26)
[2021-10-18 08:55:15.739] [renderer1] [error] getaddrinfo ETIMEDOUT default.exp-tas.com: Error: getaddrinfo ETIMEDOUT default.exp-tas.com
	at GetAddrInfoReqWrap.onlookup [as oncomplete] (dns.js:67:26)
[2021-10-18 09:25:15.742] [renderer1] [error] getaddrinfo ETIMEDOUT default.exp-tas.com: Error: getaddrinfo ETIMEDOUT default.exp-tas.com
	at GetAddrInfoReqWrap.onlookup [as oncomplete] (dns.js:67:26)
[2021-10-18 09:55:15.741] [renderer1] [error] getaddrinfo ETIMEDOUT default.exp-tas.com: Error: getaddrinfo ETIMEDOUT default.exp-tas.com
	at GetAddrInfoReqWrap.onlookup [as oncomplete] (dns.js:67:26)
[2021-10-18 10:25:15.742] [renderer1] [error] getaddrinfo ETIMEDOUT default.exp-tas.com: Error: getaddrinfo ETIMEDOUT default.exp-tas.com
	at GetAddrInfoReqWrap.onlookup [as oncomplete] (dns.js:67:26)
[2021-10-18 10:55:16.618] [renderer1] [error] getaddrinfo ETIMEDOUT default.exp-tas.com: Error: getaddrinfo ETIMEDOUT default.exp-tas.com
	at GetAddrInfoReqWrap.onlookup [as oncomplete] (dns.js:67:26)
[2021-10-18 11:25:16.617] [renderer1] [error] getaddrinfo ETIMEDOUT default.exp-tas.com: Error: getaddrinfo ETIMEDOUT default.exp-tas.com
	at GetAddrInfoReqWrap.onlookup [as oncomplete] (dns.js:67:26)
[2021-10-18 11:55:16.637] [renderer1] [error] getaddrinfo ETIMEDOUT default.exp-tas.com: Error: getaddrinfo ETIMEDOUT default.exp-tas.com
	at GetAddrInfoReqWrap.onlookup [as oncomplete] (dns.js:67:26)
[2021-10-18 12:25:16.620] [renderer1] [error] getaddrinfo ETIMEDOUT default.exp-tas.com: Error: getaddrinfo ETIMEDOUT default.exp-tas.com
	at GetAddrInfoReqWrap.onlookup [as oncomplete] (dns.js:67:26)
[2021-10-18 12:55:16.619] [renderer1] [error] getaddrinfo ETIMEDOUT default.exp-tas.com: Error: getaddrinfo ETIMEDOUT default.exp-tas.com
	at GetAddrInfoReqWrap.onlookup [as oncomplete] (dns.js:67:26)
[2021-10-18 13:25:16.619] [renderer1] [error] getaddrinfo ETIMEDOUT default.exp-tas.com: Error: getaddrinfo ETIMEDOUT default.exp-tas.com
	at GetAddrInfoReqWrap.onlookup [as oncomplete] (dns.js:67:26)
[2021-10-18 13:55:16.619] [renderer1] [error] getaddrinfo ETIMEDOUT default.exp-tas.com: Error: getaddrinfo ETIMEDOUT default.exp-tas.com
	at GetAddrInfoReqWrap.onlookup [as oncomplete] (dns.js:67:26)
[2021-10-18 14:25:16.620] [renderer1] [error] getaddrinfo ETIMEDOUT default.exp-tas.com: Error: getaddrinfo ETIMEDOUT default.exp-tas.com
	at GetAddrInfoReqWrap.onlookup [as oncomplete] (dns.js:67:26)
[2021-10-18 14:55:16.620] [renderer1] [error] getaddrinfo ETIMEDOUT default.exp-tas.com: Error: getaddrinfo ETIMEDOUT default.exp-tas.com
	at GetAddrInfoReqWrap.onlookup [as oncomplete] (dns.js:67:26)
[2021-10-18 15:25:16.624] [renderer1] [error] getaddrinfo ETIMEDOUT default.exp-tas.com: Error: getaddrinfo ETIMEDOUT default.exp-tas.com
	at GetAddrInfoReqWrap.onlookup [as oncomplete] (dns.js:67:26)
[2021-10-18 15:55:16.618] [renderer1] [error] getaddrinfo ETIMEDOUT default.exp-tas.com: Error: getaddrinfo ETIMEDOUT default.exp-tas.com
	at GetAddrInfoReqWrap.onlookup [as oncomplete] (dns.js:67:26)
[2021-10-18 16:25:16.618] [renderer1] [error] getaddrinfo ETIMEDOUT default.exp-tas.com: Error: getaddrinfo ETIMEDOUT default.exp-tas.com
	at GetAddrInfoReqWrap.onlookup [as oncomplete] (dns.js:67:26)
[2021-10-18 16:55:16.619] [renderer1] [error] getaddrinfo ETIMEDOUT default.exp-tas.com: Error: getaddrinfo ETIMEDOUT default.exp-tas.com
	at GetAddrInfoReqWrap.onlookup [as oncomplete] (dns.js:67:26)
[2021-10-18 17:25:16.619] [renderer1] [error] getaddrinfo ETIMEDOUT default.exp-tas.com: Error: getaddrinfo ETIMEDOUT default.exp-tas.com
	at GetAddrInfoReqWrap.onlookup [as oncomplete] (dns.js:67:26)
[2021-10-18 17:55:16.619] [renderer1] [error] getaddrinfo ETIMEDOUT default.exp-tas.com: Error: getaddrinfo ETIMEDOUT default.exp-tas.com
	at GetAddrInfoReqWrap.onlookup [as oncomplete] (dns.js:67:26)
[2021-10-18 18:25:16.620] [renderer1] [error] getaddrinfo ETIMEDOUT default.exp-tas.com: Error: getaddrinfo ETIMEDOUT default.exp-tas.com
	at GetAddrInfoReqWrap.onlookup [as oncomplete] (dns.js:67:26)
[2021-10-18 18:55:16.620] [renderer1] [error] getaddrinfo ETIMEDOUT default.exp-tas.com: Error: getaddrinfo ETIMEDOUT default.exp-tas.com
	at GetAddrInfoReqWrap.onlookup [as oncomplete] (dns.js:67:26)
[2021-10-18 19:25:16.626] [renderer1] [error] getaddrinfo ETIMEDOUT default.exp-tas.com: Error: getaddrinfo ETIMEDOUT default.exp-tas.com
	at GetAddrInfoReqWrap.onlookup [as oncomplete] (dns.js:67:26)
[2021-10-18 19:55:16.619] [renderer1] [error] getaddrinfo ETIMEDOUT default.exp-tas.com: Error: getaddrinfo ETIMEDOUT default.exp-tas.com
	at GetAddrInfoReqWrap.onlookup [as oncomplete] (dns.js:67:26)
[2021-10-18 20:25:16.620] [renderer1] [error] getaddrinfo ETIMEDOUT default.exp-tas.com: Error: getaddrinfo ETIMEDOUT default.exp-tas.com
	at GetAddrInfoReqWrap.onlookup [as oncomplete] (dns.js:67:26)
[2021-10-18 20:55:16.621] [renderer1] [error] getaddrinfo ETIMEDOUT default.exp-tas.com: Error: getaddrinfo ETIMEDOUT default.exp-tas.com
	at GetAddrInfoReqWrap.onlookup [as oncomplete] (dns.js:67:26)
[2021-10-18 21:25:16.621] [renderer1] [error] getaddrinfo ETIMEDOUT default.exp-tas.com: Error: getaddrinfo ETIMEDOUT default.exp-tas.com
	at GetAddrInfoReqWrap.onlookup [as oncomplete] (dns.js:67:26)
[2021-10-18 21:55:16.623] [renderer1] [error] getaddrinfo ETIMEDOUT default.exp-tas.com: Error: getaddrinfo ETIMEDOUT default.exp-tas.com
	at GetAddrInfoReqWrap.onlookup [as oncomplete] (dns.js:67:26)
[2021-10-18 22:25:16.624] [renderer1] [error] getaddrinfo ETIMEDOUT default.exp-tas.com: Error: getaddrinfo ETIMEDOUT default.exp-tas.com
	at GetAddrInfoReqWrap.onlookup [as oncomplete] (dns.js:67:26)
[2021-10-18 22:55:16.620] [renderer1] [error] getaddrinfo ETIMEDOUT default.exp-tas.com: Error: getaddrinfo ETIMEDOUT default.exp-tas.com
	at GetAddrInfoReqWrap.onlookup [as oncomplete] (dns.js:67:26)
[2021-10-18 23:25:16.620] [renderer1] [error] getaddrinfo ETIMEDOUT default.exp-tas.com: Error: getaddrinfo ETIMEDOUT default.exp-tas.com
	at GetAddrInfoReqWrap.onlookup [as oncomplete] (dns.js:67:26)
[2021-10-18 23:55:16.630] [renderer1] [error] getaddrinfo ETIMEDOUT default.exp-tas.com: Error: getaddrinfo ETIMEDOUT default.exp-tas.com
	at GetAddrInfoReqWrap.onlookup [as oncomplete] (dns.js:67:26)
[2021-10-19 00:25:16.620] [renderer1] [error] getaddrinfo ETIMEDOUT default.exp-tas.com: Error: getaddrinfo ETIMEDOUT default.exp-tas.com
	at GetAddrInfoReqWrap.onlookup [as oncomplete] (dns.js:67:26)
[2021-10-19 00:55:16.630] [renderer1] [error] getaddrinfo ETIMEDOUT default.exp-tas.com: Error: getaddrinfo ETIMEDOUT default.exp-tas.com
	at GetAddrInfoReqWrap.onlookup [as oncomplete] (dns.js:67:26)
[2021-10-19 01:25:16.622] [renderer1] [error] getaddrinfo ETIMEDOUT default.exp-tas.com: Error: getaddrinfo ETIMEDOUT default.exp-tas.com
	at GetAddrInfoReqWrap.onlookup [as oncomplete] (dns.js:67:26)
[2021-10-19 01:55:16.623] [renderer1] [error] getaddrinfo ETIMEDOUT default.exp-tas.com: Error: getaddrinfo ETIMEDOUT default.exp-tas.com
	at GetAddrInfoReqWrap.onlookup [as oncomplete] (dns.js:67:26)
[2021-10-19 02:25:16.625] [renderer1] [error] getaddrinfo ETIMEDOUT default.exp-tas.com: Error: getaddrinfo ETIMEDOUT default.exp-tas.com
	at GetAddrInfoReqWrap.onlookup [as oncomplete] (dns.js:67:26)
[2021-10-19 02:55:16.626] [renderer1] [error] getaddrinfo ETIMEDOUT default.exp-tas.com: Error: getaddrinfo ETIMEDOUT default.exp-tas.com
	at GetAddrInfoReqWrap.onlookup [as oncomplete] (dns.js:67:26)
[2021-10-19 03:25:16.623] [renderer1] [error] getaddrinfo ETIMEDOUT default.exp-tas.com: Error: getaddrinfo ETIMEDOUT default.exp-tas.com
	at GetAddrInfoReqWrap.onlookup [as oncomplete] (dns.js:67:26)
[2021-10-19 03:55:16.623] [renderer1] [error] getaddrinfo ETIMEDOUT default.exp-tas.com: Error: getaddrinfo ETIMEDOUT default.exp-tas.com
	at GetAddrInfoReqWrap.onlookup [as oncomplete] (dns.js:67:26)
[2021-10-19 04:25:16.623] [renderer1] [error] getaddrinfo ETIMEDOUT default.exp-tas.com: Error: getaddrinfo ETIMEDOUT default.exp-tas.com
	at GetAddrInfoReqWrap.onlookup [as oncomplete] (dns.js:67:26)
[2021-10-19 04:55:16.636] [renderer1] [error] getaddrinfo ETIMEDOUT default.exp-tas.com: Error: getaddrinfo ETIMEDOUT default.exp-tas.com
	at GetAddrInfoReqWrap.onlookup [as oncomplete] (dns.js:67:26)
[2021-10-19 05:25:16.626] [renderer1] [error] getaddrinfo ETIMEDOUT default.exp-tas.com: Error: getaddrinfo ETIMEDOUT default.exp-tas.com
	at GetAddrInfoReqWrap.onlookup [as oncomplete] (dns.js:67:26)
[2021-10-19 05:55:16.625] [renderer1] [error] getaddrinfo ETIMEDOUT default.exp-tas.com: Error: getaddrinfo ETIMEDOUT default.exp-tas.com
	at GetAddrInfoReqWrap.onlookup [as oncomplete] (dns.js:67:26)
[2021-10-19 06:25:16.626] [renderer1] [error] getaddrinfo ETIMEDOUT default.exp-tas.com: Error: getaddrinfo ETIMEDOUT default.exp-tas.com
	at GetAddrInfoReqWrap.onlookup [as oncomplete] (dns.js:67:26)
[2021-10-19 06:55:16.626] [renderer1] [error] getaddrinfo ETIMEDOUT default.exp-tas.com: Error: getaddrinfo ETIMEDOUT default.exp-tas.com
	at GetAddrInfoReqWrap.onlookup [as oncomplete] (dns.js:67:26)
[2021-10-19 07:25:16.631] [renderer1] [error] getaddrinfo ETIMEDOUT default.exp-tas.com: Error: getaddrinfo ETIMEDOUT default.exp-tas.com
	at GetAddrInfoReqWrap.onlookup [as oncomplete] (dns.js:67:26)
[2021-10-19 07:55:16.166] [renderer1] [error] getaddrinfo ETIMEDOUT default.exp-tas.com: Error: getaddrinfo ETIMEDOUT default.exp-tas.com
	at GetAddrInfoReqWrap.onlookup [as oncomplete] (dns.js:67:26)
[2021-10-19 08:25:16.158] [renderer1] [error] getaddrinfo ETIMEDOUT default.exp-tas.com: Error: getaddrinfo ETIMEDOUT default.exp-tas.com
	at GetAddrInfoReqWrap.onlookup [as oncomplete] (dns.js:67:26)
[2021-10-19 08:55:16.158] [renderer1] [error] getaddrinfo ETIMEDOUT default.exp-tas.com: Error: getaddrinfo ETIMEDOUT default.exp-tas.com
	at GetAddrInfoReqWrap.onlookup [as oncomplete] (dns.js:67:26)
[2021-10-19 09:25:16.160] [renderer1] [error] getaddrinfo ETIMEDOUT default.exp-tas.com: Error: getaddrinfo ETIMEDOUT default.exp-tas.com
	at GetAddrInfoReqWrap.onlookup [as oncomplete] (dns.js:67:26)
[2021-10-19 09:55:16.160] [renderer1] [error] getaddrinfo ETIMEDOUT default.exp-tas.com: Error: getaddrinfo ETIMEDOUT default.exp-tas.com
	at GetAddrInfoReqWrap.onlookup [as oncomplete] (dns.js:67:26)
[2021-10-19 10:25:16.160] [renderer1] [error] getaddrinfo ETIMEDOUT default.exp-tas.com: Error: getaddrinfo ETIMEDOUT default.exp-tas.com
	at GetAddrInfoReqWrap.onlookup [as oncomplete] (dns.js:67:26)
[2021-10-19 10:55:16.160] [renderer1] [error] getaddrinfo ETIMEDOUT default.exp-tas.com: Error: getaddrinfo ETIMEDOUT default.exp-tas.com
	at GetAddrInfoReqWrap.onlookup [as oncomplete] (dns.js:67:26)
[2021-10-19 11:25:16.164] [renderer1] [error] getaddrinfo ETIMEDOUT default.exp-tas.com: Error: getaddrinfo ETIMEDOUT default.exp-tas.com
	at GetAddrInfoReqWrap.onlookup [as oncomplete] (dns.js:67:26)
[2021-10-19 11:55:16.163] [renderer1] [error] getaddrinfo ETIMEDOUT default.exp-tas.com: Error: getaddrinfo ETIMEDOUT default.exp-tas.com
	at GetAddrInfoReqWrap.onlookup [as oncomplete] (dns.js:67:26)
[2021-10-19 12:25:16.160] [renderer1] [error] getaddrinfo ETIMEDOUT default.exp-tas.com: Error: getaddrinfo ETIMEDOUT default.exp-tas.com
	at GetAddrInfoReqWrap.onlookup [as oncomplete] (dns.js:67:26)
[2021-10-19 12:55:16.169] [renderer1] [error] getaddrinfo ETIMEDOUT default.exp-tas.com: Error: getaddrinfo ETIMEDOUT default.exp-tas.com
	at GetAddrInfoReqWrap.onlookup [as oncomplete] (dns.js:67:26)
[2021-10-19 13:25:16.160] [renderer1] [error] getaddrinfo ETIMEDOUT default.exp-tas.com: Error: getaddrinfo ETIMEDOUT default.exp-tas.com
	at GetAddrInfoReqWrap.onlookup [as oncomplete] (dns.js:67:26)
[2021-10-19 13:55:16.160] [renderer1] [error] getaddrinfo ETIMEDOUT default.exp-tas.com: Error: getaddrinfo ETIMEDOUT default.exp-tas.com
	at GetAddrInfoReqWrap.onlookup [as oncomplete] (dns.js:67:26)
[2021-10-19 14:25:16.167] [renderer1] [error] getaddrinfo ETIMEDOUT default.exp-tas.com: Error: getaddrinfo ETIMEDOUT default.exp-tas.com
	at GetAddrInfoReqWrap.onlookup [as oncomplete] (dns.js:67:26)
[2021-10-19 14:55:16.160] [renderer1] [error] getaddrinfo ETIMEDOUT default.exp-tas.com: Error: getaddrinfo ETIMEDOUT default.exp-tas.com
	at GetAddrInfoReqWrap.onlookup [as oncomplete] (dns.js:67:26)
[2021-10-19 15:25:16.160] [renderer1] [error] getaddrinfo ETIMEDOUT default.exp-tas.com: Error: getaddrinfo ETIMEDOUT default.exp-tas.com
	at GetAddrInfoReqWrap.onlookup [as oncomplete] (dns.js:67:26)
[2021-10-19 15:55:16.167] [renderer1] [error] getaddrinfo ETIMEDOUT default.exp-tas.com: Error: getaddrinfo ETIMEDOUT default.exp-tas.com
	at GetAddrInfoReqWrap.onlookup [as oncomplete] (dns.js:67:26)
[2021-10-19 16:25:16.160] [renderer1] [error] getaddrinfo ETIMEDOUT default.exp-tas.com: Error: getaddrinfo ETIMEDOUT default.exp-tas.com
	at GetAddrInfoReqWrap.onlookup [as oncomplete] (dns.js:67:26)
[2021-10-19 16:55:16.161] [renderer1] [error] getaddrinfo ETIMEDOUT default.exp-tas.com: Error: getaddrinfo ETIMEDOUT default.exp-tas.com
	at GetAddrInfoReqWrap.onlookup [as oncomplete] (dns.js:67:26)
[2021-10-19 17:25:16.171] [renderer1] [error] getaddrinfo ETIMEDOUT default.exp-tas.com: Error: getaddrinfo ETIMEDOUT default.exp-tas.com
	at GetAddrInfoReqWrap.onlookup [as oncomplete] (dns.js:67:26)
[2021-10-19 17:55:16.164] [renderer1] [error] getaddrinfo ETIMEDOUT default.exp-tas.com: Error: getaddrinfo ETIMEDOUT default.exp-tas.com
	at GetAddrInfoReqWrap.onlookup [as oncomplete] (dns.js:67:26)
[2021-10-19 18:25:16.163] [renderer1] [error] getaddrinfo ETIMEDOUT default.exp-tas.com: Error: getaddrinfo ETIMEDOUT default.exp-tas.com
	at GetAddrInfoReqWrap.onlookup [as oncomplete] (dns.js:67:26)
[2021-10-19 18:55:16.163] [renderer1] [error] getaddrinfo ETIMEDOUT default.exp-tas.com: Error: getaddrinfo ETIMEDOUT default.exp-tas.com
	at GetAddrInfoReqWrap.onlookup [as oncomplete] (dns.js:67:26)
[2021-10-19 19:25:16.163] [renderer1] [error] getaddrinfo ETIMEDOUT default.exp-tas.com: Error: getaddrinfo ETIMEDOUT default.exp-tas.com
	at GetAddrInfoReqWrap.onlookup [as oncomplete] (dns.js:67:26)
[2021-10-19 19:55:16.163] [renderer1] [error] getaddrinfo ETIMEDOUT default.exp-tas.com: Error: getaddrinfo ETIMEDOUT default.exp-tas.com
	at GetAddrInfoReqWrap.onlookup [as oncomplete] (dns.js:67:26)
[2021-10-19 20:25:16.170] [renderer1] [error] getaddrinfo ETIMEDOUT default.exp-tas.com: Error: getaddrinfo ETIMEDOUT default.exp-tas.com
	at GetAddrInfoReqWrap.onlookup [as oncomplete] (dns.js:67:26)
[2021-10-19 20:55:16.164] [renderer1] [error] getaddrinfo ETIMEDOUT default.exp-tas.com: Error: getaddrinfo ETIMEDOUT default.exp-tas.com
	at GetAddrInfoReqWrap.onlookup [as oncomplete] (dns.js:67:26)
[2021-10-19 21:25:16.167] [renderer1] [error] getaddrinfo ETIMEDOUT default.exp-tas.com: Error: getaddrinfo ETIMEDOUT default.exp-tas.com
	at GetAddrInfoReqWrap.onlookup [as oncomplete] (dns.js:67:26)
[2021-10-19 21:55:16.169] [renderer1] [error] getaddrinfo ETIMEDOUT default.exp-tas.com: Error: getaddrinfo ETIMEDOUT default.exp-tas.com
	at GetAddrInfoReqWrap.onlookup [as oncomplete] (dns.js:67:26)
[2021-10-19 22:25:16.166] [renderer1] [error] getaddrinfo ETIMEDOUT default.exp-tas.com: Error: getaddrinfo ETIMEDOUT default.exp-tas.com
	at GetAddrInfoReqWrap.onlookup [as oncomplete] (dns.js:67:26)
[2021-10-19 22:55:16.169] [renderer1] [error] getaddrinfo ETIMEDOUT default.exp-tas.com: Error: getaddrinfo ETIMEDOUT default.exp-tas.com
	at GetAddrInfoReqWrap.onlookup [as oncomplete] (dns.js:67:26)
[2021-10-19 23:25:16.167] [renderer1] [error] getaddrinfo ETIMEDOUT default.exp-tas.com: Error: getaddrinfo ETIMEDOUT default.exp-tas.com
	at GetAddrInfoReqWrap.onlookup [as oncomplete] (dns.js:67:26)
[2021-10-19 23:55:16.165] [renderer1] [error] getaddrinfo ETIMEDOUT default.exp-tas.com: Error: getaddrinfo ETIMEDOUT default.exp-tas.com
	at GetAddrInfoReqWrap.onlookup [as oncomplete] (dns.js:67:26)
[2021-10-20 00:25:16.166] [renderer1] [error] getaddrinfo ETIMEDOUT default.exp-tas.com: Error: getaddrinfo ETIMEDOUT default.exp-tas.com
	at GetAddrInfoReqWrap.onlookup [as oncomplete] (dns.js:67:26)
[2021-10-20 00:55:16.173] [renderer1] [error] getaddrinfo ETIMEDOUT default.exp-tas.com: Error: getaddrinfo ETIMEDOUT default.exp-tas.com
	at GetAddrInfoReqWrap.onlookup [as oncomplete] (dns.js:67:26)
[2021-10-20 01:25:16.125] [renderer1] [error] getaddrinfo ETIMEDOUT default.exp-tas.com: Error: getaddrinfo ETIMEDOUT default.exp-tas.com
	at GetAddrInfoReqWrap.onlookup [as oncomplete] (dns.js:67:26)
[2021-10-20 01:39:24.798] [renderer1] [error] name must not be falsy: Error: name must not be falsy
	at Function.validate (/snap/code/77/usr/share/code/resources/app/out/vs/workbench/services/extensions/node/extensionHostProcess.js:87:30472)
	at new r (/snap/code/77/usr/share/code/resources/app/out/vs/workbench/services/extensions/node/extensionHostProcess.js:87:30421)
	at new r (/snap/code/77/usr/share/code/resources/app/out/vs/workbench/services/extensions/node/extensionHostProcess.js:87:17220)
	at q (/root/.vscode/extensions/ms-python.python-2021.10.1317843341/out/client/extension.js:52:324613)
	at q (/root/.vscode/extensions/ms-python.python-2021.10.1317843341/out/client/extension.js:52:324788)
	at Array.map (<anonymous>)
	at Object.asDocumentSymbols (/root/.vscode/extensions/ms-python.python-2021.10.1317843341/out/client/extension.js:52:329951)
	at /root/.vscode/extensions/ms-python.python-2021.10.1317843341/out/client/extension.js:9:118287
	at async l.provideDocumentSymbols (/snap/code/77/usr/share/code/resources/app/out/vs/workbench/services/extensions/node/extensionHostProcess.js:94:166891)
[2021-10-20 01:39:26.489] [renderer1] [error] name must not be falsy: Error: name must not be falsy
	at Function.validate (/snap/code/77/usr/share/code/resources/app/out/vs/workbench/services/extensions/node/extensionHostProcess.js:87:30472)
	at new r (/snap/code/77/usr/share/code/resources/app/out/vs/workbench/services/extensions/node/extensionHostProcess.js:87:30421)
	at new r (/snap/code/77/usr/share/code/resources/app/out/vs/workbench/services/extensions/node/extensionHostProcess.js:87:17220)
	at q (/root/.vscode/extensions/ms-python.python-2021.10.1317843341/out/client/extension.js:52:324613)
	at q (/root/.vscode/extensions/ms-python.python-2021.10.1317843341/out/client/extension.js:52:324788)
	at Array.map (<anonymous>)
	at Object.asDocumentSymbols (/root/.vscode/extensions/ms-python.python-2021.10.1317843341/out/client/extension.js:52:329951)
	at /root/.vscode/extensions/ms-python.python-2021.10.1317843341/out/client/extension.js:9:118287
	at async l.provideDocumentSymbols (/snap/code/77/usr/share/code/resources/app/out/vs/workbench/services/extensions/node/extensionHostProcess.js:94:166891)
[2021-10-20 01:55:16.127] [renderer1] [error] getaddrinfo ETIMEDOUT default.exp-tas.com: Error: getaddrinfo ETIMEDOUT default.exp-tas.com
	at GetAddrInfoReqWrap.onlookup [as oncomplete] (dns.js:67:26)
