[2021-10-04 13:39:20.925] [sharedprocess] [info] Deleted from disk ms-toolsai.jupyter-keymap /root/.vscode/extensions/ms-toolsai.jupyter-keymap-1.0.0
[2021-10-04 13:39:23.282] [sharedprocess] [info] Deleted from disk tabnine.tabnine-vscode /root/.vscode/extensions/tabnine.tabnine-vscode-3.4.11
[2021-10-04 13:39:25.225] [sharedprocess] [info] Deleted from disk yandeu.five-server /root/.vscode/extensions/yandeu.five-server-0.0.30
[2021-10-04 13:39:30.609] [sharedprocess] [info] [logs cleanup]: Starting to clean up old logs.
[2021-10-04 13:39:32.506] [sharedprocess] [info] Installing extension: ms-python.python
[2021-10-04 13:39:32.508] [sharedprocess] [info] Installing extension: ms-python.vscode-pylance
[2021-10-04 13:39:32.729] [sharedprocess] [info] Installing extension: ms-toolsai.jupyter
[2021-10-04 13:39:34.587] [sharedprocess] [info] Installing extension: ms-toolsai.jupyter-keymap
[2021-10-04 13:39:34.646] [sharedprocess] [info] Downloaded extension: ms-toolsai.jupyter-keymap /home/mxolisi/Documents/Codes/Python/marketplaceio/~/.vscode-root/CachedExtensionVSIXs/ms-toolsai.jupyter-keymap-1.0.0
[2021-10-04 13:39:34.720] [sharedprocess] [info] Extracted extension to /root/.vscode/extensions/.321a6e34-7905-493a-9b56-54b65c9d21f3: ms-toolsai.jupyter-keymap
[2021-10-04 13:39:34.780] [sharedprocess] [info] Renamed to /root/.vscode/extensions/ms-toolsai.jupyter-keymap-1.0.0
[2021-10-04 13:39:34.784] [sharedprocess] [info] Extracting completed. ms-toolsai.jupyter-keymap
[2021-10-04 13:39:48.208] [sharedprocess] [info] [code cache cleanup]: Starting to clean up old code cache folders.
[2021-10-04 13:39:48.209] [sharedprocess] [info] [storage cleanup]: Starting to clean up storage folders.
[2021-10-04 13:39:58.206] [sharedprocess] [info] [language pack cache cleanup]: Starting to clean up unused language packs.
[2021-10-04 13:43:11.301] [sharedprocess] [info] Downloaded extension: ms-toolsai.jupyter /home/mxolisi/Documents/Codes/Python/marketplaceio/~/.vscode-root/CachedExtensionVSIXs/ms-toolsai.jupyter-2021.8.2041215044
[2021-10-04 13:43:12.304] [sharedprocess] [info] Extracted extension to /root/.vscode/extensions/.fa817b8a-5a07-4003-b9d1-b88ed48a9b1c: ms-toolsai.jupyter
[2021-10-04 13:43:12.512] [sharedprocess] [info] Renamed to /root/.vscode/extensions/ms-toolsai.jupyter-2021.8.2041215044
[2021-10-04 13:43:12.517] [sharedprocess] [info] Extracting completed. ms-toolsai.jupyter
[2021-10-04 13:43:12.637] [sharedprocess] [info] Extension installed successfully: ms-toolsai.jupyter-keymap
[2021-10-04 13:43:12.638] [sharedprocess] [info] Extension installed successfully: ms-toolsai.jupyter
[2021-10-04 13:47:13.955] [sharedprocess] [info] Downloaded extension: ms-python.python /home/mxolisi/Documents/Codes/Python/marketplaceio/~/.vscode-root/CachedExtensionVSIXs/ms-python.python-2021.9.1246542782
[2021-10-04 13:47:18.776] [sharedprocess] [info] Extracted extension to /root/.vscode/extensions/.57f83e99-7512-4de7-8308-8af581e99d0e: ms-python.python
[2021-10-04 13:47:18.847] [sharedprocess] [info] Renamed to /root/.vscode/extensions/ms-python.python-2021.9.1246542782
[2021-10-04 13:47:18.855] [sharedprocess] [info] Extracting completed. ms-python.python
[2021-10-04 13:47:18.969] [sharedprocess] [info] Extension installed successfully: ms-python.python
[2021-10-04 13:47:34.076] [sharedprocess] [info] Downloaded extension: ms-python.vscode-pylance /home/mxolisi/Documents/Codes/Python/marketplaceio/~/.vscode-root/CachedExtensionVSIXs/ms-python.vscode-pylance-2021.9.4
[2021-10-04 13:47:37.458] [sharedprocess] [info] Extracted extension to /root/.vscode/extensions/.e39ca4c4-6403-4a53-ba01-a643c4525e78: ms-python.vscode-pylance
[2021-10-04 13:47:37.542] [sharedprocess] [info] Renamed to /root/.vscode/extensions/ms-python.vscode-pylance-2021.9.4
[2021-10-04 13:47:37.546] [sharedprocess] [info] Extracting completed. ms-python.vscode-pylance
[2021-10-04 13:47:37.685] [sharedprocess] [info] Extension installed successfully: ms-python.vscode-pylance
