[Info  - 11:39:30.580] Reading sessions from keychain...
[Info  - 11:39:30.617] Getting sessions for all scopes...
[Error  - 11:39:30.661] Getting token failed: Error: Unknown or unsupported transport “disabled” for address “disabled:”
[Info  - 11:39:30.783] Getting sessions for all scopes...
[Info  - 11:39:30.796] Got 0 sessions for all scopes...
[Info  - 11:39:30.797] Got 0 sessions for all scopes...
[Info  - 05:35:57.334] Getting sessions for repo,workflow...
[Info  - 05:35:57.350] Got 0 sessions for repo,workflow...
[Info  - 05:36:01.183] Logging in for the following scopes: repo workflow
[Info  - 05:54:15.784] Getting sessions for repo,workflow...
[Info  - 05:54:15.784] Got 0 sessions for repo,workflow...
[Info  - 05:54:23.620] Logging in for the following scopes: repo workflow
[Info  - 05:56:55.738] Getting sessions for repo,workflow...
[Info  - 05:56:55.738] Got 0 sessions for repo,workflow...
[Info  - 05:57:03.965] Logging in for the following scopes: repo workflow
[Info  - 06:04:09.378] Getting sessions for repo,workflow...
[Info  - 06:04:09.378] Got 0 sessions for repo,workflow...
[Info  - 06:04:14.482] Logging in for the following scopes: repo workflow
[Info  - 11:54:23.144] Getting sessions for repo,workflow...
[Info  - 11:54:23.145] Got 0 sessions for repo,workflow...
[Info  - 11:54:27.346] Logging in for the following scopes: repo workflow
[Info  - 11:57:56.683] Getting sessions for repo,workflow...
[Info  - 11:57:56.683] Got 0 sessions for repo,workflow...
[Info  - 11:57:58.824] Logging in for the following scopes: repo workflow
[Info  - 12:02:23.565] Getting sessions for repo,workflow...
[Info  - 12:02:23.565] Got 0 sessions for repo,workflow...
[Info  - 12:02:31.669] Logging in for the following scopes: repo workflow
[Info  - 12:45:46.533] Getting sessions for repo,workflow...
[Info  - 12:45:46.533] Got 0 sessions for repo,workflow...
[Info  - 12:46:00.872] Logging in for the following scopes: repo workflow
